#
# There is insufficient memory for the Java Runtime Environment to continue.
# Native memory allocation (mmap) failed to map 326107136 bytes for Failed to commit area from 0x00000000b4a00000 to 0x00000000c8100000 of length 326107136.
# Possible reasons:
#   The system is out of physical RAM or swap space
#   The process is running with CompressedOops enabled, and the Java Heap may be blocking the growth of the native heap
# Possible solutions:
#   Reduce memory load on the system
#   Increase physical memory or swap space
#   Check if swap backing store is full
#   Decrease Java heap size (-Xmx/-Xms)
#   Decrease number of Java threads
#   Decrease Java thread stack sizes (-Xss)
#   Set larger code cache with -XX:ReservedCodeCacheSize=
#   JVM is running with Unscaled Compressed Oops mode in which the Java heap is
#     placed in the first 4GB address space. The Java Heap base address is the
#     maximum limit for the native heap growth. Please use -XX:HeapBaseMinAddress
#     to set the Java Heap base and to place the Java Heap above 4GB virtual address.
# This output file may be truncated or incomplete.
#
#  Out of Memory Error (./src/hotspot/os/windows/os_windows.cpp:3303), pid=6800, tid=5600
#
# JRE version: OpenJDK Runtime Environment (11.0.8+10) (build 11.0.8+10-b944.6842174)
# Java VM: OpenJDK 64-Bit Server VM (11.0.8+10-b944.6842174, mixed mode, tiered, compressed oops, g1 gc, windows-amd64)
# No core dump will be written. Minidumps are not enabled by default on client versions of Windows
#

---------------  S U M M A R Y ------------

Command Line: -XX:MaxPermSize=256m -XX:+HeapDumpOnOutOfMemoryError --add-opens=java.base/java.util=ALL-UNNAMED --add-opens=java.base/java.lang=ALL-UNNAMED --add-opens=java.base/java.lang.invoke=ALL-UNNAMED --add-opens=java.prefs/java.util.prefs=ALL-UNNAMED -Xmx1536M -Dfile.encoding=UTF-8 -Duser.country=US -Duser.language=en -Duser.variant org.gradle.launcher.daemon.bootstrap.GradleDaemon 6.5

Host: Intel(R) Core(TM) i5-4310U CPU @ 2.00GHz, 4 cores, 7G,  Windows 10 , 64 bit Build 19041 (10.0.19041.928)
Time: Tue May 11 14:20:20 2021 Malay Peninsula Standard Time elapsed time: 8198 seconds (0d 2h 16m 38s)

---------------  T H R E A D  ---------------

Current thread (0x0000022e20698800):  VMThread "VM Thread" [stack: 0x0000005106c00000,0x0000005106d00000] [id=5600]

Stack: [0x0000005106c00000,0x0000005106d00000]
[error occurred during error reporting (printing stack bounds), id 0xc0000005, EXCEPTION_ACCESS_VIOLATION (0xc0000005) at pc=0x0000022e0b8d0dad]

Native frames: (J=compiled Java code, j=interpreted, Vv=VM code, C=native code)
V  [jvm.dll+0x5de50a]
V  [jvm.dll+0x7122f5]
V  [jvm.dll+0x71384d]
V  [jvm.dll+0x713e65]
V  [jvm.dll+0x713e1b]
V  [jvm.dll+0x5dd958]
V  [jvm.dll+0x5de0f8]
C  [ntdll.dll+0xa207f]
C  [ntdll.dll+0x51454]
C  [ntdll.dll+0xa0bae]
C  0x0000022e0b8d0dad

VM_Operation (0x0000005108cfa9c0): G1CollectForAllocation, mode: safepoint, requested by thread 0x0000022e38652000


---------------  P R O C E S S  ---------------

Threads class SMR info:
_java_thread_list=0x0000022e26da7b60, length=59, elements={
0x0000022e07f4d000, 0x0000022e206bf000, 0x0000022e206c0000, 0x0000022e21052800,
0x0000022e21053000, 0x0000022e206d7000, 0x0000022e206e5800, 0x0000022e206e8800,
0x0000022e21189000, 0x0000022e21192800, 0x0000022e2230f800, 0x0000022e213a8800,
0x0000022e219cd000, 0x0000022e227e1800, 0x0000022e227e0800, 0x0000022e227e2000,
0x0000022e23d28000, 0x0000022e23d29000, 0x0000022e228b6000, 0x0000022e228b1000,
0x0000022e23d2e800, 0x0000022e23d32800, 0x0000022e2d889000, 0x0000022e228ae800,
0x0000022e228b0000, 0x0000022e228b5000, 0x0000022e228af800, 0x0000022e228b6800,
0x0000022e228b1800, 0x0000022e228ba800, 0x0000022e228b9000, 0x0000022e38651000,
0x0000022e38652800, 0x0000022e38650000, 0x0000022e38653800, 0x0000022e38654800,
0x0000022e38655000, 0x0000022e38652000, 0x0000022e214de000, 0x0000022e214e0800,
0x0000022e214db800, 0x0000022e214db000, 0x0000022e214dd800, 0x0000022e214df000,
0x0000022e214df800, 0x0000022e214e1800, 0x0000022e214dc800, 0x0000022e2d88c800,
0x0000022e2d88e000, 0x0000022e2d888800, 0x0000022e2d88b000, 0x0000022e2d88f800,
0x0000022e2d88a000, 0x0000022e2d894800, 0x0000022e2d895800, 0x0000022e2d896000,
0x0000022e2d897000, 0x0000022e2d891800, 0x0000022e2d893000
}

Java Threads: ( => current thread )
  0x0000022e07f4d000 JavaThread "main" [_thread_blocked, id=4244, stack(0x0000005106600000,0x0000005106700000)]
  0x0000022e206bf000 JavaThread "Reference Handler" daemon [_thread_blocked, id=8996, stack(0x0000005106d00000,0x0000005106e00000)]
  0x0000022e206c0000 JavaThread "Finalizer" daemon [_thread_blocked, id=8344, stack(0x0000005106e00000,0x0000005106f00000)]
  0x0000022e21052800 JavaThread "Signal Dispatcher" daemon [_thread_blocked, id=5472, stack(0x0000005106f00000,0x0000005107000000)]
  0x0000022e21053000 JavaThread "Attach Listener" daemon [_thread_blocked, id=4608, stack(0x0000005107000000,0x0000005107100000)]
  0x0000022e206d7000 JavaThread "C2 CompilerThread0" daemon [_thread_in_native, id=4600, stack(0x0000005107100000,0x0000005107200000)]
  0x0000022e206e5800 JavaThread "C1 CompilerThread0" daemon [_thread_blocked, id=9420, stack(0x0000005107200000,0x0000005107300000)]
  0x0000022e206e8800 JavaThread "Sweeper thread" daemon [_thread_blocked, id=5784, stack(0x0000005107300000,0x0000005107400000)]
  0x0000022e21189000 JavaThread "Common-Cleaner" daemon [_thread_blocked, id=8364, stack(0x0000005107400000,0x0000005107500000)]
  0x0000022e21192800 JavaThread "Service Thread" daemon [_thread_blocked, id=2580, stack(0x0000005107500000,0x0000005107600000)]
  0x0000022e2230f800 JavaThread "Daemon health stats" [_thread_blocked, id=1628, stack(0x0000005107a00000,0x0000005107b00000)]
  0x0000022e213a8800 JavaThread "Incoming local TCP Connector on port 49860" [_thread_in_native, id=1256, stack(0x0000005107c00000,0x0000005107d00000)]
  0x0000022e219cd000 JavaThread "Daemon periodic checks" [_thread_blocked, id=4044, stack(0x0000005107d00000,0x0000005107e00000)]
  0x0000022e227e1800 JavaThread "Cache worker for journal cache (C:\Users\user\.gradle\caches\journal-1)" [_thread_blocked, id=2452, stack(0x0000005108600000,0x0000005108700000)]
  0x0000022e227e0800 JavaThread "File lock request listener" [_thread_in_native, id=3492, stack(0x0000005108700000,0x0000005108800000)]
  0x0000022e227e2000 JavaThread "Cache worker for file hash cache (C:\Users\user\.gradle\caches\6.5\fileHashes)" [_thread_blocked, id=2972, stack(0x0000005108800000,0x0000005108900000)]
  0x0000022e23d28000 JavaThread "Cache worker for execution history cache (C:\Users\user\.gradle\caches\6.5\executionHistory)" [_thread_blocked, id=4220, stack(0x000000510a300000,0x000000510a400000)]
  0x0000022e23d29000 JavaThread "Cache worker for file content cache (C:\Users\user\.gradle\caches\6.5\fileContent)" [_thread_blocked, id=5028, stack(0x000000510a400000,0x000000510a500000)]
  0x0000022e228b6000 JavaThread "Memory manager" [_thread_blocked, id=10756, stack(0x0000005110300000,0x0000005110400000)]
  0x0000022e228b1000 JavaThread "Java2D Disposer" daemon [_thread_blocked, id=1624, stack(0x0000005109100000,0x0000005109200000)]
  0x0000022e23d2e800 JavaThread "RMI Scheduler(0)" daemon [_thread_blocked, id=1104, stack(0x0000005108d00000,0x0000005108e00000)]
  0x0000022e23d32800 JavaThread "RMI TCP Accept-0" daemon [_thread_in_native, id=9728, stack(0x0000005109d00000,0x0000005109e00000)]
  0x0000022e2d889000 JavaThread "Cache worker for Java compile cache (C:\Users\user\.gradle\caches\6.5\javaCompile)" [_thread_blocked, id=10036, stack(0x0000005107e00000,0x0000005107f00000)]
  0x0000022e228ae800 JavaThread "ForkJoinPool.commonPool-worker-5" daemon [_thread_blocked, id=4632, stack(0x0000005111400000,0x0000005111500000)]
  0x0000022e228b0000 JavaThread "Daemon Thread 7" [_thread_blocked, id=5032, stack(0x0000005106300000,0x0000005106400000)]
  0x0000022e228b5000 JavaThread "Handler for socket connection from /127.0.0.1:49860 to /127.0.0.1:65019" [_thread_in_native, id=16452, stack(0x0000005106400000,0x0000005106500000)]
  0x0000022e228af800 JavaThread "Cancel handler" [_thread_blocked, id=11572, stack(0x0000005106500000,0x0000005106600000)]
  0x0000022e228b6800 JavaThread "Daemon worker Thread 7" [_thread_blocked, id=1140, stack(0x0000005107700000,0x0000005107800000)]
  0x0000022e228b1800 JavaThread "Asynchronous log dispatcher for DefaultDaemonConnection: socket connection from /127.0.0.1:49860 to /127.0.0.1:65019" [_thread_blocked, id=17460, stack(0x0000005107b00000,0x0000005107c00000)]
  0x0000022e228ba800 JavaThread "Thread-1299" [_thread_blocked, id=18292, stack(0x0000005108000000,0x0000005108100000)]
  0x0000022e228b9000 JavaThread "Cache worker for file hash cache (F:\Android Projects\MovieCatalogue\.gradle\6.5\fileHashes)" [_thread_blocked, id=6240, stack(0x0000005108100000,0x0000005108200000)]
  0x0000022e38651000 JavaThread "Cache worker for checksums cache (F:\Android Projects\MovieCatalogue\.gradle\checksums)" [_thread_blocked, id=920, stack(0x0000005108200000,0x0000005108300000)]
  0x0000022e38652800 JavaThread "Cache worker for cache directory md-supplier (C:\Users\user\.gradle\caches\6.5\md-supplier)" [_thread_blocked, id=9920, stack(0x0000005108300000,0x0000005108400000)]
  0x0000022e38650000 JavaThread "Cache worker for cache directory md-rule (C:\Users\user\.gradle\caches\6.5\md-rule)" [_thread_blocked, id=12712, stack(0x0000005108400000,0x0000005108500000)]
  0x0000022e38653800 JavaThread "Build operations" [_thread_blocked, id=17676, stack(0x0000005108900000,0x0000005108a00000)]
  0x0000022e38654800 JavaThread "Build operations Thread 2" [_thread_blocked, id=16264, stack(0x0000005108a00000,0x0000005108b00000)]
  0x0000022e38655000 JavaThread "Build operations Thread 3" [_thread_blocked, id=12844, stack(0x0000005108b00000,0x0000005108c00000)]
  0x0000022e38652000 JavaThread "Build operations Thread 4" [_thread_blocked, id=11760, stack(0x0000005108c00000,0x0000005108d00000)]
  0x0000022e214de000 JavaThread "Cache worker for Build Output Cleanup Cache (F:\Android Projects\MovieCatalogue\.gradle\buildOutputCleanup)" [_thread_blocked, id=17372, stack(0x0000005110900000,0x0000005110a00000)]
  0x0000022e214e0800 JavaThread "pool-26-thread-1" [_thread_blocked, id=14560, stack(0x0000005110a00000,0x0000005110b00000)]
  0x0000022e214db800 JavaThread "Cache worker for file content cache (F:\Android Projects\MovieCatalogue\.gradle\6.5\fileContent)" [_thread_blocked, id=18144, stack(0x0000005110b00000,0x0000005110c00000)]
  0x0000022e214db000 JavaThread "Execution worker for ':'" [_thread_blocked, id=8320, stack(0x0000005110c00000,0x0000005110d00000)]
  0x0000022e214dd800 JavaThread "Execution worker for ':' Thread 2" [_thread_blocked, id=17220, stack(0x0000005110d00000,0x0000005110e00000)]
  0x0000022e214df000 JavaThread "Execution worker for ':' Thread 3" [_thread_blocked, id=16480, stack(0x0000005110e00000,0x0000005110f00000)]
  0x0000022e214df800 JavaThread "Cache worker for execution history cache (F:\Android Projects\MovieCatalogue\.gradle\6.5\executionHistory)" [_thread_blocked, id=16944, stack(0x0000005110f00000,0x0000005111000000)]
  0x0000022e214e1800 JavaThread "WorkerExecutor Queue" [_thread_blocked, id=18360, stack(0x0000005111000000,0x0000005111100000)]
  0x0000022e214dc800 JavaThread "WorkerExecutor Queue Thread 2" [_thread_blocked, id=11956, stack(0x0000005109c00000,0x0000005109d00000)]
  0x0000022e2d88c800 JavaThread "WorkerExecutor Queue Thread 3" [_thread_blocked, id=3272, stack(0x0000005109e00000,0x0000005109f00000)]
  0x0000022e2d88e000 JavaThread "WorkerExecutor Queue Thread 4" [_thread_blocked, id=13220, stack(0x0000005111100000,0x0000005111200000)]
  0x0000022e2d888800 JavaThread "Daemon Thread 8" [_thread_blocked, id=9436, stack(0x0000005111200000,0x0000005111300000)]
  0x0000022e2d88b000 JavaThread "pool-27-thread-1" [_thread_blocked, id=7840, stack(0x0000005111300000,0x0000005111400000)]
  0x0000022e2d88f800 JavaThread "stderr" [_thread_in_native, id=11340, stack(0x0000005111500000,0x0000005111600000)]
  0x0000022e2d88a000 JavaThread "stdout" [_thread_in_native, id=11884, stack(0x0000005111600000,0x0000005111700000)]
  0x0000022e2d894800 JavaThread "stderr" [_thread_in_native, id=16760, stack(0x0000005111700000,0x0000005111800000)]
  0x0000022e2d895800 JavaThread "stdout" [_thread_in_native, id=14500, stack(0x0000005111800000,0x0000005111900000)]
  0x0000022e2d896000 JavaThread "stderr" [_thread_in_native, id=12780, stack(0x0000005111900000,0x0000005111a00000)]
  0x0000022e2d897000 JavaThread "stdout" [_thread_in_native, id=2196, stack(0x0000005111a00000,0x0000005111b00000)]
  0x0000022e2d891800 JavaThread "stderr" [_thread_in_native, id=17820, stack(0x0000005111b00000,0x0000005111c00000)]
  0x0000022e2d893000 JavaThread "stdout" [_thread_in_native, id=17892, stack(0x0000005111c00000,0x0000005111d00000)]

Other Threads:
=>0x0000022e20698800 VMThread "VM Thread" [stack: 0x0000005106c00000,0x0000005106d00000] [id=5600]
  0x0000022e211ac000 WatcherThread [stack: 0x0000005107600000,0x0000005107700000] [id=5672]
  0x0000022e07f66800 GCTaskThread "GC Thread#0" [stack: 0x0000005106700000,0x0000005106800000] [id=2156]
  0x0000022e21976000 GCTaskThread "GC Thread#1" [stack: 0x0000005107800000,0x0000005107900000] [id=1740]
  0x0000022e21785000 GCTaskThread "GC Thread#2" [stack: 0x0000005107900000,0x0000005107a00000] [id=7704]
  0x0000022e2292f800 GCTaskThread "GC Thread#3" [stack: 0x0000005108500000,0x0000005108600000] [id=2916]
  0x0000022e07f8b800 ConcurrentGCThread "G1 Main Marker" [stack: 0x0000005106800000,0x0000005106900000] [id=7308]
  0x0000022e07f8d800 ConcurrentGCThread "G1 Conc#0" [stack: 0x0000005106900000,0x0000005106a00000] [id=6248]
  0x0000022e0801f800 ConcurrentGCThread "G1 Refine#0" [stack: 0x0000005106a00000,0x0000005106b00000] [id=5956]
  0x0000022e3b335800 ConcurrentGCThread "G1 Refine#1" [stack: 0x000000510a000000,0x000000510a100000] [id=4064]
  0x0000022e3b32f000 ConcurrentGCThread "G1 Refine#2" [stack: 0x000000510a700000,0x000000510a800000] [id=6412]
  0x0000022e08020800 ConcurrentGCThread "G1 Young RemSet Sampling" [stack: 0x0000005106b00000,0x0000005106c00000] [id=6260]

Threads with active compile tasks:
C2 CompilerThread08198554 39574       4       com.android.tools.r8.ir.optimize.l::o (704 bytes)

VM state:at safepoint (normal execution)

VM Mutex/Monitor currently owned by a thread:  ([mutex/lock_event])
[0x0000022e07f49960] Threads_lock - owner thread: 0x0000022e20698800
[0x0000022e07f497b0] Heap_lock - owner thread: 0x0000022e38652000

Heap address: 0x00000000a0000000, size: 1536 MB, Compressed Oops mode: 32-bit
Narrow klass base: 0x0000000000000000, Narrow klass shift: 3
Compressed class space size: 1073741824 Address: 0x0000000100000000

Heap:
 garbage-first heap   total 656384K, used 172974K [0x00000000a0000000, 0x0000000100000000)
  region size 1024K, 1 young (1024K), 1 survivors (1024K)
 Metaspace       used 157355K, capacity 161937K, committed 165036K, reserved 1193984K
  class space    used 18699K, capacity 20400K, committed 21248K, reserved 1048576K
Heap Regions: E=young(eden), S=young(survivor), O=old, HS=humongous(starts), HC=humongous(continues), CS=collection set, F=free, A=archive, TAMS=top-at-mark-start (previous, next)
|   0|0x00000000a0000000, 0x00000000a00fbeb0, 0x00000000a0100000| 98%| O|  |TAMS 0x00000000a00fbeb0, 0x00000000a0000000| Untracked 
|   1|0x00000000a0100000, 0x00000000a01ecf38, 0x00000000a0200000| 92%| O|  |TAMS 0x00000000a01ecf38, 0x00000000a0100000| Untracked 
|   2|0x00000000a0200000, 0x00000000a02ffff8, 0x00000000a0300000| 99%| O|  |TAMS 0x00000000a02ffff8, 0x00000000a0200000| Untracked 
|   3|0x00000000a0300000, 0x00000000a0400000, 0x00000000a0400000|100%|HS|  |TAMS 0x00000000a0400000, 0x00000000a0300000| Complete 
|   4|0x00000000a0400000, 0x00000000a0500000, 0x00000000a0500000|100%|HC|  |TAMS 0x00000000a0500000, 0x00000000a0400000| Complete 
|   5|0x00000000a0500000, 0x00000000a0600000, 0x00000000a0600000|100%|HC|  |TAMS 0x00000000a0600000, 0x00000000a0500000| Complete 
|   6|0x00000000a0600000, 0x00000000a06ff3d0, 0x00000000a0700000| 99%| O|  |TAMS 0x00000000a06ff3d0, 0x00000000a0600000| Untracked 
|   7|0x00000000a0700000, 0x00000000a07ffff8, 0x00000000a0800000| 99%| O|  |TAMS 0x00000000a07ffff8, 0x00000000a0700000| Untracked 
|   8|0x00000000a0800000, 0x00000000a0900000, 0x00000000a0900000|100%| O|  |TAMS 0x00000000a0900000, 0x00000000a0800000| Untracked 
|   9|0x00000000a0900000, 0x00000000a09ff6f8, 0x00000000a0a00000| 99%| O|  |TAMS 0x00000000a09ff6f8, 0x00000000a0900000| Untracked 
|  10|0x00000000a0a00000, 0x00000000a0affff0, 0x00000000a0b00000| 99%| O|  |TAMS 0x00000000a0affff0, 0x00000000a0a00000| Untracked 
|  11|0x00000000a0b00000, 0x00000000a0bed680, 0x00000000a0c00000| 92%| O|  |TAMS 0x00000000a0bed680, 0x00000000a0b00000| Untracked 
|  12|0x00000000a0c00000, 0x00000000a0cfe7f0, 0x00000000a0d00000| 99%| O|  |TAMS 0x00000000a0cfe7f0, 0x00000000a0c00000| Untracked 
|  13|0x00000000a0d00000, 0x00000000a0e00000, 0x00000000a0e00000|100%|HS|  |TAMS 0x00000000a0e00000, 0x00000000a0d00000| Complete 
|  14|0x00000000a0e00000, 0x00000000a0f00000, 0x00000000a0f00000|100%|HC|  |TAMS 0x00000000a0f00000, 0x00000000a0e00000| Complete 
|  15|0x00000000a0f00000, 0x00000000a1000000, 0x00000000a1000000|100%|HS|  |TAMS 0x00000000a1000000, 0x00000000a0f00000| Complete 
|  16|0x00000000a1000000, 0x00000000a1100000, 0x00000000a1100000|100%|HC|  |TAMS 0x00000000a1100000, 0x00000000a1000000| Complete 
|  17|0x00000000a1100000, 0x00000000a1200000, 0x00000000a1200000|100%|HC|  |TAMS 0x00000000a1200000, 0x00000000a1100000| Complete 
|  18|0x00000000a1200000, 0x00000000a1300000, 0x00000000a1300000|100%|HS|  |TAMS 0x00000000a1300000, 0x00000000a1200000| Complete 
|  19|0x00000000a1300000, 0x00000000a1400000, 0x00000000a1400000|100%|HC|  |TAMS 0x00000000a1400000, 0x00000000a1300000| Complete 
|  20|0x00000000a1400000, 0x00000000a1500000, 0x00000000a1500000|100%|HC|  |TAMS 0x00000000a1500000, 0x00000000a1400000| Complete 
|  21|0x00000000a1500000, 0x00000000a1600000, 0x00000000a1600000|100%|HC|  |TAMS 0x00000000a1600000, 0x00000000a1500000| Complete 
|  22|0x00000000a1600000, 0x00000000a16fffe0, 0x00000000a1700000| 99%| O|  |TAMS 0x00000000a16fffe0, 0x00000000a1600000| Untracked 
|  23|0x00000000a1700000, 0x00000000a17fffe0, 0x00000000a1800000| 99%| O|  |TAMS 0x00000000a17fffe0, 0x00000000a1700000| Untracked 
|  24|0x00000000a1800000, 0x00000000a18efcf8, 0x00000000a1900000| 93%| O|  |TAMS 0x00000000a18efcf8, 0x00000000a1800000| Untracked 
|  25|0x00000000a1900000, 0x00000000a19fffb0, 0x00000000a1a00000| 99%| O|  |TAMS 0x00000000a19fffb0, 0x00000000a1900000| Untracked 
|  26|0x00000000a1a00000, 0x00000000a1affff0, 0x00000000a1b00000| 99%| O|  |TAMS 0x00000000a1affff0, 0x00000000a1a00000| Untracked 
|  27|0x00000000a1b00000, 0x00000000a1bd2ba8, 0x00000000a1c00000| 82%| O|  |TAMS 0x00000000a1bd2ba8, 0x00000000a1b00000| Complete 
|  28|0x00000000a1c00000, 0x00000000a1cffff0, 0x00000000a1d00000| 99%| O|  |TAMS 0x00000000a1cffff0, 0x00000000a1c00000| Untracked 
|  29|0x00000000a1d00000, 0x00000000a1dfed70, 0x00000000a1e00000| 99%| O|  |TAMS 0x00000000a1dfed70, 0x00000000a1d00000| Untracked 
|  30|0x00000000a1e00000, 0x00000000a1efffe8, 0x00000000a1f00000| 99%| O|  |TAMS 0x00000000a1efffe8, 0x00000000a1e00000| Untracked 
|  31|0x00000000a1f00000, 0x00000000a1ffffd8, 0x00000000a2000000| 99%| O|  |TAMS 0x00000000a1ffffd8, 0x00000000a1f00000| Complete 
|  32|0x00000000a2000000, 0x00000000a20ffff0, 0x00000000a2100000| 99%| O|  |TAMS 0x00000000a20ffff0, 0x00000000a2000000| Untracked 
|  33|0x00000000a2100000, 0x00000000a21fffe0, 0x00000000a2200000| 99%| O|  |TAMS 0x00000000a21fffe0, 0x00000000a2100000| Untracked 
|  34|0x00000000a2200000, 0x00000000a22c4f70, 0x00000000a2300000| 76%| O|  |TAMS 0x00000000a22c4f70, 0x00000000a2200000| Complete 
|  35|0x00000000a2300000, 0x00000000a2400000, 0x00000000a2400000|100%| O|  |TAMS 0x00000000a2400000, 0x00000000a2300000| Complete 
|  36|0x00000000a2400000, 0x00000000a2500000, 0x00000000a2500000|100%|HS|  |TAMS 0x00000000a2500000, 0x00000000a2400000| Complete 
|  37|0x00000000a2500000, 0x00000000a25fe898, 0x00000000a2600000| 99%| O|  |TAMS 0x00000000a25fe898, 0x00000000a2500000| Complete 
|  38|0x00000000a2600000, 0x00000000a26ffff8, 0x00000000a2700000| 99%| O|  |TAMS 0x00000000a26ffff8, 0x00000000a2600000| Untracked 
|  39|0x00000000a2700000, 0x00000000a27ffff0, 0x00000000a2800000| 99%| O|  |TAMS 0x00000000a27ffff0, 0x00000000a2700000| Untracked 
|  40|0x00000000a2800000, 0x00000000a28fffe8, 0x00000000a2900000| 99%| O|  |TAMS 0x00000000a28fffe8, 0x00000000a2800000| Untracked 
|  41|0x00000000a2900000, 0x00000000a29fee10, 0x00000000a2a00000| 99%| O|  |TAMS 0x00000000a29fee10, 0x00000000a2900000| Untracked 
|  42|0x00000000a2a00000, 0x00000000a2affff8, 0x00000000a2b00000| 99%| O|  |TAMS 0x00000000a2affff8, 0x00000000a2a00000| Untracked 
|  43|0x00000000a2b00000, 0x00000000a2bffff8, 0x00000000a2c00000| 99%| O|  |TAMS 0x00000000a2bffff8, 0x00000000a2b00000| Untracked 
|  44|0x00000000a2c00000, 0x00000000a2cfffd8, 0x00000000a2d00000| 99%| O|  |TAMS 0x00000000a2cfffd8, 0x00000000a2c00000| Untracked 
|  45|0x00000000a2d00000, 0x00000000a2e00000, 0x00000000a2e00000|100%|HS|  |TAMS 0x00000000a2e00000, 0x00000000a2d00000| Complete 
|  46|0x00000000a2e00000, 0x00000000a2f00000, 0x00000000a2f00000|100%|HC|  |TAMS 0x00000000a2f00000, 0x00000000a2e00000| Complete 
|  47|0x00000000a2f00000, 0x00000000a2fffff0, 0x00000000a3000000| 99%| O|  |TAMS 0x00000000a2fffff0, 0x00000000a2f00000| Untracked 
|  48|0x00000000a3000000, 0x00000000a3100000, 0x00000000a3100000|100%| O|  |TAMS 0x00000000a3100000, 0x00000000a3000000| Untracked 
|  49|0x00000000a3100000, 0x00000000a3200000, 0x00000000a3200000|100%| O|  |TAMS 0x00000000a3200000, 0x00000000a3100000| Untracked 
|  50|0x00000000a3200000, 0x00000000a32fffe8, 0x00000000a3300000| 99%| O|  |TAMS 0x00000000a32fffe8, 0x00000000a3200000| Untracked 
|  51|0x00000000a3300000, 0x00000000a3400000, 0x00000000a3400000|100%|HS|  |TAMS 0x00000000a3400000, 0x00000000a3300000| Complete 
|  52|0x00000000a3400000, 0x00000000a3500000, 0x00000000a3500000|100%|HC|  |TAMS 0x00000000a3500000, 0x00000000a3400000| Complete 
|  53|0x00000000a3500000, 0x00000000a3600000, 0x00000000a3600000|100%|HC|  |TAMS 0x00000000a3600000, 0x00000000a3500000| Complete 
|  54|0x00000000a3600000, 0x00000000a36fe3a0, 0x00000000a3700000| 99%| O|  |TAMS 0x00000000a36fe3a0, 0x00000000a3600000| Untracked 
|  55|0x00000000a3700000, 0x00000000a3800000, 0x00000000a3800000|100%| O|  |TAMS 0x00000000a3800000, 0x00000000a3700000| Complete 
|  56|0x00000000a3800000, 0x00000000a38fffe8, 0x00000000a3900000| 99%| O|  |TAMS 0x00000000a38fffe8, 0x00000000a3800000| Untracked 
|  57|0x00000000a3900000, 0x00000000a39ffff0, 0x00000000a3a00000| 99%| O|  |TAMS 0x00000000a39ffff0, 0x00000000a3900000| Complete 
|  58|0x00000000a3a00000, 0x00000000a3b00000, 0x00000000a3b00000|100%| O|  |TAMS 0x00000000a3b00000, 0x00000000a3a00000| Untracked 
|  59|0x00000000a3b00000, 0x00000000a3bffff8, 0x00000000a3c00000| 99%| O|  |TAMS 0x00000000a3bffff8, 0x00000000a3b00000| Complete 
|  60|0x00000000a3c00000, 0x00000000a3cfff90, 0x00000000a3d00000| 99%| O|  |TAMS 0x00000000a3cfff90, 0x00000000a3c00000| Untracked 
|  61|0x00000000a3d00000, 0x00000000a3dfffc8, 0x00000000a3e00000| 99%| O|  |TAMS 0x00000000a3dfffc8, 0x00000000a3d00000| Untracked 
|  62|0x00000000a3e00000, 0x00000000a3effff0, 0x00000000a3f00000| 99%| O|  |TAMS 0x00000000a3effff0, 0x00000000a3e00000| Untracked 
|  63|0x00000000a3f00000, 0x00000000a3ffffe0, 0x00000000a4000000| 99%| O|  |TAMS 0x00000000a3ffffe0, 0x00000000a3f00000| Untracked 
|  64|0x00000000a4000000, 0x00000000a4100000, 0x00000000a4100000|100%| O|  |TAMS 0x00000000a4100000, 0x00000000a4000000| Complete 
|  65|0x00000000a4100000, 0x00000000a41fffe8, 0x00000000a4200000| 99%| O|  |TAMS 0x00000000a41fffe8, 0x00000000a4100000| Complete 
|  66|0x00000000a4200000, 0x00000000a4300000, 0x00000000a4300000|100%| O|  |TAMS 0x00000000a4300000, 0x00000000a4200000| Untracked 
|  67|0x00000000a4300000, 0x00000000a4400000, 0x00000000a4400000|100%| O|  |TAMS 0x00000000a4400000, 0x00000000a4300000| Untracked 
|  68|0x00000000a4400000, 0x00000000a4500000, 0x00000000a4500000|100%| O|  |TAMS 0x00000000a4500000, 0x00000000a4400000| Complete 
|  69|0x00000000a4500000, 0x00000000a45fffe8, 0x00000000a4600000| 99%| O|  |TAMS 0x00000000a45fffe8, 0x00000000a4500000| Untracked 
|  70|0x00000000a4600000, 0x00000000a46ffff8, 0x00000000a4700000| 99%| O|  |TAMS 0x00000000a46ffff8, 0x00000000a4600000| Untracked 
|  71|0x00000000a4700000, 0x00000000a47fffb8, 0x00000000a4800000| 99%| O|  |TAMS 0x00000000a47fffb8, 0x00000000a4700000| Untracked 
|  72|0x00000000a4800000, 0x00000000a48ffff8, 0x00000000a4900000| 99%| O|  |TAMS 0x00000000a48ffff8, 0x00000000a4800000| Untracked 
|  73|0x00000000a4900000, 0x00000000a49ffff8, 0x00000000a4a00000| 99%| O|  |TAMS 0x00000000a49ffff8, 0x00000000a4900000| Complete 
|  74|0x00000000a4a00000, 0x00000000a4afffe8, 0x00000000a4b00000| 99%| O|  |TAMS 0x00000000a4afffe8, 0x00000000a4a00000| Untracked 
|  75|0x00000000a4b00000, 0x00000000a4bfff10, 0x00000000a4c00000| 99%| O|  |TAMS 0x00000000a4bfff10, 0x00000000a4b00000| Complete 
|  76|0x00000000a4c00000, 0x00000000a4c83eb8, 0x00000000a4d00000| 51%| O|  |TAMS 0x00000000a4c83eb8, 0x00000000a4c00000| Complete 
|  77|0x00000000a4d00000, 0x00000000a4dff9e8, 0x00000000a4e00000| 99%| O|  |TAMS 0x00000000a4dff9e8, 0x00000000a4d00000| Complete 
|  78|0x00000000a4e00000, 0x00000000a4effff0, 0x00000000a4f00000| 99%| O|  |TAMS 0x00000000a4effff0, 0x00000000a4e00000| Complete 
|  79|0x00000000a4f00000, 0x00000000a4fffff8, 0x00000000a5000000| 99%| O|  |TAMS 0x00000000a4fffff8, 0x00000000a4f00000| Complete 
|  80|0x00000000a5000000, 0x00000000a50ffff0, 0x00000000a5100000| 99%| O|  |TAMS 0x00000000a50ffff0, 0x00000000a5000000| Complete 
|  81|0x00000000a5100000, 0x00000000a5200000, 0x00000000a5200000|100%| O|  |TAMS 0x00000000a5200000, 0x00000000a5100000| Untracked 
|  82|0x00000000a5200000, 0x00000000a52fffa8, 0x00000000a5300000| 99%| O|  |TAMS 0x00000000a52fffa8, 0x00000000a5200000| Untracked 
|  83|0x00000000a5300000, 0x00000000a53fffe8, 0x00000000a5400000| 99%| O|  |TAMS 0x00000000a53fffe8, 0x00000000a5300000| Complete 
|  84|0x00000000a5400000, 0x00000000a54fffe8, 0x00000000a5500000| 99%| O|  |TAMS 0x00000000a54fffe8, 0x00000000a5400000| Complete 
|  85|0x00000000a5500000, 0x00000000a55ffff0, 0x00000000a5600000| 99%| O|  |TAMS 0x00000000a55ffff0, 0x00000000a5500000| Untracked 
|  86|0x00000000a5600000, 0x00000000a56ffff0, 0x00000000a5700000| 99%| O|  |TAMS 0x00000000a56ffff0, 0x00000000a5600000| Untracked 
|  87|0x00000000a5700000, 0x00000000a57ffff8, 0x00000000a5800000| 99%| O|  |TAMS 0x00000000a57ffff8, 0x00000000a5700000| Untracked 
|  88|0x00000000a5800000, 0x00000000a58ffff8, 0x00000000a5900000| 99%| O|  |TAMS 0x00000000a58ffff8, 0x00000000a5800000| Untracked 
|  89|0x00000000a5900000, 0x00000000a59fffc0, 0x00000000a5a00000| 99%| O|  |TAMS 0x00000000a59fffc0, 0x00000000a5900000| Untracked 
|  90|0x00000000a5a00000, 0x00000000a5affff0, 0x00000000a5b00000| 99%| O|  |TAMS 0x00000000a5affff0, 0x00000000a5a00000| Complete 
|  91|0x00000000a5b00000, 0x00000000a5bfffe8, 0x00000000a5c00000| 99%| O|  |TAMS 0x00000000a5bfffe8, 0x00000000a5b00000| Complete 
|  92|0x00000000a5c00000, 0x00000000a5d00000, 0x00000000a5d00000|100%| O|  |TAMS 0x00000000a5d00000, 0x00000000a5c00000| Complete 
|  93|0x00000000a5d00000, 0x00000000a5dffff8, 0x00000000a5e00000| 99%| O|  |TAMS 0x00000000a5dffff8, 0x00000000a5d00000| Complete 
|  94|0x00000000a5e00000, 0x00000000a5efffd8, 0x00000000a5f00000| 99%| O|  |TAMS 0x00000000a5efffd8, 0x00000000a5e00000| Complete 
|  95|0x00000000a5f00000, 0x00000000a5f95a08, 0x00000000a6000000| 58%| O|  |TAMS 0x00000000a5f95a08, 0x00000000a5f00000| Complete 
|  96|0x00000000a6000000, 0x00000000a6000000, 0x00000000a6100000|  0%| F|  |TAMS 0x00000000a6000000, 0x00000000a6000000| Untracked 
|  97|0x00000000a6100000, 0x00000000a6200000, 0x00000000a6200000|100%| O|  |TAMS 0x00000000a6200000, 0x00000000a6100000| Untracked 
|  98|0x00000000a6200000, 0x00000000a6300000, 0x00000000a6300000|100%| O|  |TAMS 0x00000000a6300000, 0x00000000a6200000| Complete 
|  99|0x00000000a6300000, 0x00000000a6300000, 0x00000000a6400000|  0%| F|  |TAMS 0x00000000a6300000, 0x00000000a6300000| Untracked 
| 100|0x00000000a6400000, 0x00000000a6500000, 0x00000000a6500000|100%|HS|  |TAMS 0x00000000a6500000, 0x00000000a6400000| Complete 
| 101|0x00000000a6500000, 0x00000000a6600000, 0x00000000a6600000|100%| O|  |TAMS 0x00000000a6600000, 0x00000000a6500000| Untracked 
| 102|0x00000000a6600000, 0x00000000a6600000, 0x00000000a6700000|  0%| F|  |TAMS 0x00000000a6600000, 0x00000000a6600000| Untracked 
| 103|0x00000000a6700000, 0x00000000a6800000, 0x00000000a6800000|100%| O|  |TAMS 0x00000000a6700000, 0x00000000a6700000| Untracked 
| 104|0x00000000a6800000, 0x00000000a6900000, 0x00000000a6900000|100%|HS|  |TAMS 0x00000000a6900000, 0x00000000a6800000| Complete 
| 105|0x00000000a6900000, 0x00000000a6a00000, 0x00000000a6a00000|100%|HC|  |TAMS 0x00000000a6a00000, 0x00000000a6900000| Complete 
| 106|0x00000000a6a00000, 0x00000000a6b00000, 0x00000000a6b00000|100%| O|  |TAMS 0x00000000a6b00000, 0x00000000a6a00000| Untracked 
| 107|0x00000000a6b00000, 0x00000000a6c00000, 0x00000000a6c00000|100%| O|  |TAMS 0x00000000a6c00000, 0x00000000a6b00000| Complete 
| 108|0x00000000a6c00000, 0x00000000a6c00000, 0x00000000a6d00000|  0%| F|  |TAMS 0x00000000a6c00000, 0x00000000a6c00000| Untracked 
| 109|0x00000000a6d00000, 0x00000000a6e00000, 0x00000000a6e00000|100%| O|  |TAMS 0x00000000a6e00000, 0x00000000a6d00000| Complete 
| 110|0x00000000a6e00000, 0x00000000a6f00000, 0x00000000a6f00000|100%| O|  |TAMS 0x00000000a6f00000, 0x00000000a6e00000| Complete 
| 111|0x00000000a6f00000, 0x00000000a7000000, 0x00000000a7000000|100%| O|  |TAMS 0x00000000a7000000, 0x00000000a6f00000| Complete 
| 112|0x00000000a7000000, 0x00000000a7100000, 0x00000000a7100000|100%| O|  |TAMS 0x00000000a7100000, 0x00000000a7000000| Complete 
| 113|0x00000000a7100000, 0x00000000a7200000, 0x00000000a7200000|100%| O|  |TAMS 0x00000000a7200000, 0x00000000a7100000| Complete 
| 114|0x00000000a7200000, 0x00000000a7200000, 0x00000000a7300000|  0%| F|  |TAMS 0x00000000a7200000, 0x00000000a7200000| Untracked 
| 115|0x00000000a7300000, 0x00000000a7300000, 0x00000000a7400000|  0%| F|  |TAMS 0x00000000a7300000, 0x00000000a7300000| Untracked 
| 116|0x00000000a7400000, 0x00000000a7500000, 0x00000000a7500000|100%| O|  |TAMS 0x00000000a7500000, 0x00000000a7400000| Untracked 
| 117|0x00000000a7500000, 0x00000000a7600000, 0x00000000a7600000|100%| O|  |TAMS 0x00000000a7600000, 0x00000000a7500000| Untracked 
| 118|0x00000000a7600000, 0x00000000a7700000, 0x00000000a7700000|100%| O|  |TAMS 0x00000000a7700000, 0x00000000a7600000| Untracked 
| 119|0x00000000a7700000, 0x00000000a7800000, 0x00000000a7800000|100%| O|  |TAMS 0x00000000a7800000, 0x00000000a7700000| Complete 
| 120|0x00000000a7800000, 0x00000000a7900000, 0x00000000a7900000|100%| O|  |TAMS 0x00000000a7900000, 0x00000000a7800000| Untracked 
| 121|0x00000000a7900000, 0x00000000a7900000, 0x00000000a7a00000|  0%| F|  |TAMS 0x00000000a7900000, 0x00000000a7900000| Untracked 
| 122|0x00000000a7a00000, 0x00000000a7b00000, 0x00000000a7b00000|100%| O|  |TAMS 0x00000000a7b00000, 0x00000000a7a00000| Untracked 
| 123|0x00000000a7b00000, 0x00000000a7c00000, 0x00000000a7c00000|100%| O|  |TAMS 0x00000000a7c00000, 0x00000000a7b00000| Complete 
| 124|0x00000000a7c00000, 0x00000000a7c00000, 0x00000000a7d00000|  0%| F|  |TAMS 0x00000000a7c00000, 0x00000000a7c00000| Untracked 
| 125|0x00000000a7d00000, 0x00000000a7e00000, 0x00000000a7e00000|100%| O|  |TAMS 0x00000000a7e00000, 0x00000000a7d00000| Untracked 
| 126|0x00000000a7e00000, 0x00000000a7f00000, 0x00000000a7f00000|100%| O|  |TAMS 0x00000000a7f00000, 0x00000000a7e00000| Untracked 
| 127|0x00000000a7f00000, 0x00000000a8000000, 0x00000000a8000000|100%| O|  |TAMS 0x00000000a8000000, 0x00000000a7f00000| Complete 
| 128|0x00000000a8000000, 0x00000000a8100000, 0x00000000a8100000|100%| O|  |TAMS 0x00000000a8100000, 0x00000000a8000000| Untracked 
| 129|0x00000000a8100000, 0x00000000a8200000, 0x00000000a8200000|100%| O|  |TAMS 0x00000000a8200000, 0x00000000a8100000| Untracked 
| 130|0x00000000a8200000, 0x00000000a8300000, 0x00000000a8300000|100%| O|  |TAMS 0x00000000a8300000, 0x00000000a8200000| Complete 
| 131|0x00000000a8300000, 0x00000000a8400000, 0x00000000a8400000|100%| O|  |TAMS 0x00000000a8400000, 0x00000000a8300000| Untracked 
| 132|0x00000000a8400000, 0x00000000a8500000, 0x00000000a8500000|100%| O|  |TAMS 0x00000000a8500000, 0x00000000a8400000| Untracked 
| 133|0x00000000a8500000, 0x00000000a8600000, 0x00000000a8600000|100%| O|  |TAMS 0x00000000a8600000, 0x00000000a8500000| Complete 
| 134|0x00000000a8600000, 0x00000000a8700000, 0x00000000a8700000|100%| O|  |TAMS 0x00000000a8700000, 0x00000000a8600000| Untracked 
| 135|0x00000000a8700000, 0x00000000a8800000, 0x00000000a8800000|100%| O|  |TAMS 0x00000000a8800000, 0x00000000a8700000| Untracked 
| 136|0x00000000a8800000, 0x00000000a8900000, 0x00000000a8900000|100%| O|  |TAMS 0x00000000a8900000, 0x00000000a8800000| Untracked 
| 137|0x00000000a8900000, 0x00000000a8a00000, 0x00000000a8a00000|100%| O|  |TAMS 0x00000000a8a00000, 0x00000000a8900000| Complete 
| 138|0x00000000a8a00000, 0x00000000a8b00000, 0x00000000a8b00000|100%| O|  |TAMS 0x00000000a8b00000, 0x00000000a8a00000| Untracked 
| 139|0x00000000a8b00000, 0x00000000a8c00000, 0x00000000a8c00000|100%| O|  |TAMS 0x00000000a8c00000, 0x00000000a8b00000| Untracked 
| 140|0x00000000a8c00000, 0x00000000a8d00000, 0x00000000a8d00000|100%| O|  |TAMS 0x00000000a8d00000, 0x00000000a8c00000| Untracked 
| 141|0x00000000a8d00000, 0x00000000a8e00000, 0x00000000a8e00000|100%| O|  |TAMS 0x00000000a8e00000, 0x00000000a8d00000| Untracked 
| 142|0x00000000a8e00000, 0x00000000a8f00000, 0x00000000a8f00000|100%| O|  |TAMS 0x00000000a8f00000, 0x00000000a8e00000| Complete 
| 143|0x00000000a8f00000, 0x00000000a9000000, 0x00000000a9000000|100%| O|  |TAMS 0x00000000a9000000, 0x00000000a8f00000| Complete 
| 144|0x00000000a9000000, 0x00000000a9100000, 0x00000000a9100000|100%| O|  |TAMS 0x00000000a9100000, 0x00000000a9000000| Complete 
| 145|0x00000000a9100000, 0x00000000a9200000, 0x00000000a9200000|100%| O|  |TAMS 0x00000000a9200000, 0x00000000a9100000| Untracked 
| 146|0x00000000a9200000, 0x00000000a9300000, 0x00000000a9300000|100%| O|  |TAMS 0x00000000a9300000, 0x00000000a9200000| Complete 
| 147|0x00000000a9300000, 0x00000000a9400000, 0x00000000a9400000|100%| O|  |TAMS 0x00000000a9400000, 0x00000000a9300000| Untracked 
| 148|0x00000000a9400000, 0x00000000a9500000, 0x00000000a9500000|100%| O|  |TAMS 0x00000000a9500000, 0x00000000a9400000| Untracked 
| 149|0x00000000a9500000, 0x00000000a9600000, 0x00000000a9600000|100%| O|  |TAMS 0x00000000a9600000, 0x00000000a9500000| Untracked 
| 150|0x00000000a9600000, 0x00000000a9700000, 0x00000000a9700000|100%| O|  |TAMS 0x00000000a9700000, 0x00000000a9600000| Untracked 
| 151|0x00000000a9700000, 0x00000000a9800000, 0x00000000a9800000|100%| O|  |TAMS 0x00000000a9800000, 0x00000000a9700000| Untracked 
| 152|0x00000000a9800000, 0x00000000a9900000, 0x00000000a9900000|100%| O|  |TAMS 0x00000000a9900000, 0x00000000a9800000| Complete 
| 153|0x00000000a9900000, 0x00000000a9a00000, 0x00000000a9a00000|100%| O|  |TAMS 0x00000000a9a00000, 0x00000000a9900000| Complete 
| 154|0x00000000a9a00000, 0x00000000a9b00000, 0x00000000a9b00000|100%| O|  |TAMS 0x00000000a9b00000, 0x00000000a9a00000| Untracked 
| 155|0x00000000a9b00000, 0x00000000a9c00000, 0x00000000a9c00000|100%| O|  |TAMS 0x00000000a9c00000, 0x00000000a9b00000| Untracked 
| 156|0x00000000a9c00000, 0x00000000a9d00000, 0x00000000a9d00000|100%| O|  |TAMS 0x00000000a9d00000, 0x00000000a9c00000| Untracked 
| 157|0x00000000a9d00000, 0x00000000a9e00000, 0x00000000a9e00000|100%| O|  |TAMS 0x00000000a9e00000, 0x00000000a9d00000| Untracked 
| 158|0x00000000a9e00000, 0x00000000a9f00000, 0x00000000a9f00000|100%| O|  |TAMS 0x00000000a9f00000, 0x00000000a9e00000| Untracked 
| 159|0x00000000a9f00000, 0x00000000aa000000, 0x00000000aa000000|100%| O|  |TAMS 0x00000000aa000000, 0x00000000a9f00000| Untracked 
| 160|0x00000000aa000000, 0x00000000aa100000, 0x00000000aa100000|100%| O|  |TAMS 0x00000000aa100000, 0x00000000aa000000| Untracked 
| 161|0x00000000aa100000, 0x00000000aa200000, 0x00000000aa200000|100%| O|  |TAMS 0x00000000aa200000, 0x00000000aa100000| Complete 
| 162|0x00000000aa200000, 0x00000000aa300000, 0x00000000aa300000|100%| O|  |TAMS 0x00000000aa300000, 0x00000000aa200000| Complete 
| 163|0x00000000aa300000, 0x00000000aa400000, 0x00000000aa400000|100%| O|  |TAMS 0x00000000aa300000, 0x00000000aa300000| Untracked 
| 164|0x00000000aa400000, 0x00000000aa500000, 0x00000000aa500000|100%| O|  |TAMS 0x00000000aa400000, 0x00000000aa400000| Untracked 
| 165|0x00000000aa500000, 0x00000000aa600000, 0x00000000aa600000|100%| O|  |TAMS 0x00000000aa500000, 0x00000000aa500000| Untracked 
| 166|0x00000000aa600000, 0x00000000aa700000, 0x00000000aa700000|100%| O|  |TAMS 0x00000000aa600000, 0x00000000aa600000| Untracked 
| 167|0x00000000aa700000, 0x00000000aa800000, 0x00000000aa800000|100%| O|  |TAMS 0x00000000aa700000, 0x00000000aa700000| Untracked 
| 168|0x00000000aa800000, 0x00000000aa900000, 0x00000000aa900000|100%| O|  |TAMS 0x00000000aa800000, 0x00000000aa800000| Untracked 
| 169|0x00000000aa900000, 0x00000000aaa00000, 0x00000000aaa00000|100%| O|  |TAMS 0x00000000aa900000, 0x00000000aa900000| Untracked 
| 170|0x00000000aaa00000, 0x00000000aab00000, 0x00000000aab00000|100%| O|  |TAMS 0x00000000aaa00000, 0x00000000aaa00000| Untracked 
| 171|0x00000000aab00000, 0x00000000aac00000, 0x00000000aac00000|100%| O|  |TAMS 0x00000000aab00000, 0x00000000aab00000| Untracked 
| 172|0x00000000aac00000, 0x00000000aad00000, 0x00000000aad00000|100%| O|  |TAMS 0x00000000aac00000, 0x00000000aac00000| Untracked 
| 173|0x00000000aad00000, 0x00000000aae00000, 0x00000000aae00000|100%| O|  |TAMS 0x00000000aad00000, 0x00000000aad00000| Untracked 
| 174|0x00000000aae00000, 0x00000000aaf00000, 0x00000000aaf00000|100%| O|  |TAMS 0x00000000aae00000, 0x00000000aae00000| Untracked 
| 175|0x00000000aaf00000, 0x00000000ab000000, 0x00000000ab000000|100%| O|  |TAMS 0x00000000aaf00000, 0x00000000aaf00000| Untracked 
| 176|0x00000000ab000000, 0x00000000ab100000, 0x00000000ab100000|100%| O|  |TAMS 0x00000000ab000000, 0x00000000ab000000| Untracked 
| 177|0x00000000ab100000, 0x00000000ab1a0800, 0x00000000ab200000| 62%| O|  |TAMS 0x00000000ab100000, 0x00000000ab100000| Untracked 
| 178|0x00000000ab200000, 0x00000000ab200000, 0x00000000ab300000|  0%| F|  |TAMS 0x00000000ab200000, 0x00000000ab200000| Untracked 
| 179|0x00000000ab300000, 0x00000000ab300000, 0x00000000ab400000|  0%| F|  |TAMS 0x00000000ab300000, 0x00000000ab300000| Untracked 
| 180|0x00000000ab400000, 0x00000000ab400000, 0x00000000ab500000|  0%| F|  |TAMS 0x00000000ab400000, 0x00000000ab400000| Untracked 
| 181|0x00000000ab500000, 0x00000000ab500000, 0x00000000ab600000|  0%| F|  |TAMS 0x00000000ab500000, 0x00000000ab500000| Untracked 
| 182|0x00000000ab600000, 0x00000000ab600000, 0x00000000ab700000|  0%| F|  |TAMS 0x00000000ab600000, 0x00000000ab600000| Untracked 
| 183|0x00000000ab700000, 0x00000000ab700000, 0x00000000ab800000|  0%| F|  |TAMS 0x00000000ab700000, 0x00000000ab700000| Untracked 
| 184|0x00000000ab800000, 0x00000000ab800000, 0x00000000ab900000|  0%| F|  |TAMS 0x00000000ab800000, 0x00000000ab800000| Untracked 
| 185|0x00000000ab900000, 0x00000000ab900000, 0x00000000aba00000|  0%| F|  |TAMS 0x00000000ab900000, 0x00000000ab900000| Untracked 
| 186|0x00000000aba00000, 0x00000000aba00000, 0x00000000abb00000|  0%| F|  |TAMS 0x00000000aba00000, 0x00000000aba00000| Untracked 
| 187|0x00000000abb00000, 0x00000000abb00000, 0x00000000abc00000|  0%| F|  |TAMS 0x00000000abb00000, 0x00000000abb00000| Untracked 
| 188|0x00000000abc00000, 0x00000000abc00000, 0x00000000abd00000|  0%| F|  |TAMS 0x00000000abc00000, 0x00000000abc00000| Untracked 
| 189|0x00000000abd00000, 0x00000000abd00000, 0x00000000abe00000|  0%| F|  |TAMS 0x00000000abd00000, 0x00000000abd00000| Untracked 
| 190|0x00000000abe00000, 0x00000000abe00000, 0x00000000abf00000|  0%| F|  |TAMS 0x00000000abe00000, 0x00000000abe00000| Untracked 
| 191|0x00000000abf00000, 0x00000000abf00000, 0x00000000ac000000|  0%| F|  |TAMS 0x00000000abf00000, 0x00000000abf00000| Untracked 
| 192|0x00000000ac000000, 0x00000000ac000000, 0x00000000ac100000|  0%| F|  |TAMS 0x00000000ac000000, 0x00000000ac000000| Untracked 
| 193|0x00000000ac100000, 0x00000000ac100000, 0x00000000ac200000|  0%| F|  |TAMS 0x00000000ac100000, 0x00000000ac100000| Untracked 
| 194|0x00000000ac200000, 0x00000000ac200000, 0x00000000ac300000|  0%| F|  |TAMS 0x00000000ac200000, 0x00000000ac200000| Untracked 
| 195|0x00000000ac300000, 0x00000000ac300000, 0x00000000ac400000|  0%| F|  |TAMS 0x00000000ac300000, 0x00000000ac300000| Untracked 
| 196|0x00000000ac400000, 0x00000000ac400000, 0x00000000ac500000|  0%| F|  |TAMS 0x00000000ac400000, 0x00000000ac400000| Untracked 
| 197|0x00000000ac500000, 0x00000000ac500000, 0x00000000ac600000|  0%| F|  |TAMS 0x00000000ac500000, 0x00000000ac500000| Untracked 
| 198|0x00000000ac600000, 0x00000000ac600000, 0x00000000ac700000|  0%| F|  |TAMS 0x00000000ac600000, 0x00000000ac600000| Untracked 
| 199|0x00000000ac700000, 0x00000000ac700000, 0x00000000ac800000|  0%| F|  |TAMS 0x00000000ac700000, 0x00000000ac700000| Untracked 
| 200|0x00000000ac800000, 0x00000000ac800000, 0x00000000ac900000|  0%| F|  |TAMS 0x00000000ac800000, 0x00000000ac800000| Untracked 
| 201|0x00000000ac900000, 0x00000000ac900000, 0x00000000aca00000|  0%| F|  |TAMS 0x00000000ac900000, 0x00000000ac900000| Untracked 
| 202|0x00000000aca00000, 0x00000000aca00000, 0x00000000acb00000|  0%| F|  |TAMS 0x00000000aca00000, 0x00000000aca00000| Untracked 
| 203|0x00000000acb00000, 0x00000000acb00000, 0x00000000acc00000|  0%| F|  |TAMS 0x00000000acb00000, 0x00000000acb00000| Untracked 
| 204|0x00000000acc00000, 0x00000000acc00000, 0x00000000acd00000|  0%| F|  |TAMS 0x00000000acc00000, 0x00000000acc00000| Untracked 
| 205|0x00000000acd00000, 0x00000000acd00000, 0x00000000ace00000|  0%| F|  |TAMS 0x00000000acd00000, 0x00000000acd00000| Untracked 
| 206|0x00000000ace00000, 0x00000000ace00000, 0x00000000acf00000|  0%| F|  |TAMS 0x00000000ace00000, 0x00000000ace00000| Untracked 
| 207|0x00000000acf00000, 0x00000000acf00000, 0x00000000ad000000|  0%| F|  |TAMS 0x00000000acf00000, 0x00000000acf00000| Untracked 
| 208|0x00000000ad000000, 0x00000000ad000000, 0x00000000ad100000|  0%| F|  |TAMS 0x00000000ad000000, 0x00000000ad000000| Untracked 
| 209|0x00000000ad100000, 0x00000000ad100000, 0x00000000ad200000|  0%| F|  |TAMS 0x00000000ad100000, 0x00000000ad100000| Untracked 
| 210|0x00000000ad200000, 0x00000000ad200000, 0x00000000ad300000|  0%| F|  |TAMS 0x00000000ad200000, 0x00000000ad200000| Untracked 
| 211|0x00000000ad300000, 0x00000000ad300000, 0x00000000ad400000|  0%| F|  |TAMS 0x00000000ad300000, 0x00000000ad300000| Untracked 
| 212|0x00000000ad400000, 0x00000000ad400000, 0x00000000ad500000|  0%| F|  |TAMS 0x00000000ad400000, 0x00000000ad400000| Untracked 
| 213|0x00000000ad500000, 0x00000000ad500000, 0x00000000ad600000|  0%| F|  |TAMS 0x00000000ad500000, 0x00000000ad500000| Untracked 
| 214|0x00000000ad600000, 0x00000000ad600000, 0x00000000ad700000|  0%| F|  |TAMS 0x00000000ad600000, 0x00000000ad600000| Untracked 
| 215|0x00000000ad700000, 0x00000000ad700000, 0x00000000ad800000|  0%| F|  |TAMS 0x00000000ad700000, 0x00000000ad700000| Untracked 
| 216|0x00000000ad800000, 0x00000000ad800000, 0x00000000ad900000|  0%| F|  |TAMS 0x00000000ad800000, 0x00000000ad800000| Untracked 
| 217|0x00000000ad900000, 0x00000000ad900000, 0x00000000ada00000|  0%| F|  |TAMS 0x00000000ad900000, 0x00000000ad900000| Untracked 
| 218|0x00000000ada00000, 0x00000000ada00000, 0x00000000adb00000|  0%| F|  |TAMS 0x00000000ada00000, 0x00000000ada00000| Untracked 
| 219|0x00000000adb00000, 0x00000000adb00000, 0x00000000adc00000|  0%| F|  |TAMS 0x00000000adb00000, 0x00000000adb00000| Untracked 
| 220|0x00000000adc00000, 0x00000000adc00000, 0x00000000add00000|  0%| F|  |TAMS 0x00000000adc00000, 0x00000000adc00000| Untracked 
| 221|0x00000000add00000, 0x00000000add00000, 0x00000000ade00000|  0%| F|  |TAMS 0x00000000add00000, 0x00000000add00000| Untracked 
| 222|0x00000000ade00000, 0x00000000ade00000, 0x00000000adf00000|  0%| F|  |TAMS 0x00000000ade00000, 0x00000000ade00000| Untracked 
| 223|0x00000000adf00000, 0x00000000adf00000, 0x00000000ae000000|  0%| F|  |TAMS 0x00000000adf00000, 0x00000000adf00000| Untracked 
| 224|0x00000000ae000000, 0x00000000ae000000, 0x00000000ae100000|  0%| F|  |TAMS 0x00000000ae000000, 0x00000000ae000000| Untracked 
| 225|0x00000000ae100000, 0x00000000ae100000, 0x00000000ae200000|  0%| F|  |TAMS 0x00000000ae100000, 0x00000000ae100000| Untracked 
| 226|0x00000000ae200000, 0x00000000ae200000, 0x00000000ae300000|  0%| F|  |TAMS 0x00000000ae200000, 0x00000000ae200000| Untracked 
| 227|0x00000000ae300000, 0x00000000ae300000, 0x00000000ae400000|  0%| F|  |TAMS 0x00000000ae300000, 0x00000000ae300000| Untracked 
| 228|0x00000000ae400000, 0x00000000ae400000, 0x00000000ae500000|  0%| F|  |TAMS 0x00000000ae400000, 0x00000000ae400000| Untracked 
| 229|0x00000000ae500000, 0x00000000ae500000, 0x00000000ae600000|  0%| F|  |TAMS 0x00000000ae500000, 0x00000000ae500000| Untracked 
| 230|0x00000000ae600000, 0x00000000ae600000, 0x00000000ae700000|  0%| F|  |TAMS 0x00000000ae600000, 0x00000000ae600000| Untracked 
| 231|0x00000000ae700000, 0x00000000ae700000, 0x00000000ae800000|  0%| F|  |TAMS 0x00000000ae700000, 0x00000000ae700000| Untracked 
| 232|0x00000000ae800000, 0x00000000ae800000, 0x00000000ae900000|  0%| F|  |TAMS 0x00000000ae800000, 0x00000000ae800000| Untracked 
| 233|0x00000000ae900000, 0x00000000ae900000, 0x00000000aea00000|  0%| F|  |TAMS 0x00000000ae900000, 0x00000000ae900000| Untracked 
| 234|0x00000000aea00000, 0x00000000aea00000, 0x00000000aeb00000|  0%| F|  |TAMS 0x00000000aea00000, 0x00000000aea00000| Untracked 
| 235|0x00000000aeb00000, 0x00000000aeb00000, 0x00000000aec00000|  0%| F|  |TAMS 0x00000000aeb00000, 0x00000000aeb00000| Untracked 
| 236|0x00000000aec00000, 0x00000000aec00000, 0x00000000aed00000|  0%| F|  |TAMS 0x00000000aec00000, 0x00000000aec00000| Untracked 
| 237|0x00000000aed00000, 0x00000000aed00000, 0x00000000aee00000|  0%| F|  |TAMS 0x00000000aed00000, 0x00000000aed00000| Untracked 
| 238|0x00000000aee00000, 0x00000000aee00000, 0x00000000aef00000|  0%| F|  |TAMS 0x00000000aee00000, 0x00000000aee00000| Untracked 
| 239|0x00000000aef00000, 0x00000000aef00000, 0x00000000af000000|  0%| F|  |TAMS 0x00000000aef00000, 0x00000000aef00000| Untracked 
| 240|0x00000000af000000, 0x00000000af000000, 0x00000000af100000|  0%| F|  |TAMS 0x00000000af000000, 0x00000000af000000| Untracked 
| 241|0x00000000af100000, 0x00000000af100000, 0x00000000af200000|  0%| F|  |TAMS 0x00000000af100000, 0x00000000af100000| Untracked 
| 242|0x00000000af200000, 0x00000000af200000, 0x00000000af300000|  0%| F|  |TAMS 0x00000000af200000, 0x00000000af200000| Untracked 
| 243|0x00000000af300000, 0x00000000af300000, 0x00000000af400000|  0%| F|  |TAMS 0x00000000af300000, 0x00000000af300000| Untracked 
| 244|0x00000000af400000, 0x00000000af400000, 0x00000000af500000|  0%| F|  |TAMS 0x00000000af400000, 0x00000000af400000| Untracked 
| 245|0x00000000af500000, 0x00000000af500000, 0x00000000af600000|  0%| F|  |TAMS 0x00000000af500000, 0x00000000af500000| Untracked 
| 246|0x00000000af600000, 0x00000000af600000, 0x00000000af700000|  0%| F|  |TAMS 0x00000000af600000, 0x00000000af600000| Untracked 
| 247|0x00000000af700000, 0x00000000af700000, 0x00000000af800000|  0%| F|  |TAMS 0x00000000af700000, 0x00000000af700000| Untracked 
| 248|0x00000000af800000, 0x00000000af800000, 0x00000000af900000|  0%| F|  |TAMS 0x00000000af800000, 0x00000000af800000| Untracked 
| 249|0x00000000af900000, 0x00000000af900000, 0x00000000afa00000|  0%| F|  |TAMS 0x00000000af900000, 0x00000000af900000| Untracked 
| 250|0x00000000afa00000, 0x00000000afa00000, 0x00000000afb00000|  0%| F|  |TAMS 0x00000000afa00000, 0x00000000afa00000| Untracked 
| 251|0x00000000afb00000, 0x00000000afb00000, 0x00000000afc00000|  0%| F|  |TAMS 0x00000000afb00000, 0x00000000afb00000| Untracked 
| 252|0x00000000afc00000, 0x00000000afc00000, 0x00000000afd00000|  0%| F|  |TAMS 0x00000000afc00000, 0x00000000afc00000| Untracked 
| 253|0x00000000afd00000, 0x00000000afd00000, 0x00000000afe00000|  0%| F|  |TAMS 0x00000000afd00000, 0x00000000afd00000| Untracked 
| 254|0x00000000afe00000, 0x00000000afe00000, 0x00000000aff00000|  0%| F|  |TAMS 0x00000000afe00000, 0x00000000afe00000| Untracked 
| 255|0x00000000aff00000, 0x00000000aff00000, 0x00000000b0000000|  0%| F|  |TAMS 0x00000000aff00000, 0x00000000aff00000| Untracked 
| 256|0x00000000b0000000, 0x00000000b0000000, 0x00000000b0100000|  0%| F|  |TAMS 0x00000000b0000000, 0x00000000b0000000| Untracked 
| 257|0x00000000b0100000, 0x00000000b0100000, 0x00000000b0200000|  0%| F|  |TAMS 0x00000000b0100000, 0x00000000b0100000| Untracked 
| 258|0x00000000b0200000, 0x00000000b0200000, 0x00000000b0300000|  0%| F|  |TAMS 0x00000000b0200000, 0x00000000b0200000| Untracked 
| 259|0x00000000b0300000, 0x00000000b0300000, 0x00000000b0400000|  0%| F|  |TAMS 0x00000000b0300000, 0x00000000b0300000| Untracked 
| 260|0x00000000b0400000, 0x00000000b0400000, 0x00000000b0500000|  0%| F|  |TAMS 0x00000000b0400000, 0x00000000b0400000| Untracked 
| 261|0x00000000b0500000, 0x00000000b0500000, 0x00000000b0600000|  0%| F|  |TAMS 0x00000000b0500000, 0x00000000b0500000| Untracked 
| 262|0x00000000b0600000, 0x00000000b0600000, 0x00000000b0700000|  0%| F|  |TAMS 0x00000000b0600000, 0x00000000b0600000| Untracked 
| 263|0x00000000b0700000, 0x00000000b0700000, 0x00000000b0800000|  0%| F|  |TAMS 0x00000000b0700000, 0x00000000b0700000| Untracked 
| 264|0x00000000b0800000, 0x00000000b0800000, 0x00000000b0900000|  0%| F|  |TAMS 0x00000000b0800000, 0x00000000b0800000| Untracked 
| 265|0x00000000b0900000, 0x00000000b0900000, 0x00000000b0a00000|  0%| F|  |TAMS 0x00000000b0900000, 0x00000000b0900000| Untracked 
| 266|0x00000000b0a00000, 0x00000000b0a00000, 0x00000000b0b00000|  0%| F|  |TAMS 0x00000000b0a00000, 0x00000000b0a00000| Untracked 
| 267|0x00000000b0b00000, 0x00000000b0b00000, 0x00000000b0c00000|  0%| F|  |TAMS 0x00000000b0b00000, 0x00000000b0b00000| Untracked 
| 268|0x00000000b0c00000, 0x00000000b0c00000, 0x00000000b0d00000|  0%| F|  |TAMS 0x00000000b0c00000, 0x00000000b0c00000| Untracked 
| 269|0x00000000b0d00000, 0x00000000b0d00000, 0x00000000b0e00000|  0%| F|  |TAMS 0x00000000b0d00000, 0x00000000b0d00000| Untracked 
| 270|0x00000000b0e00000, 0x00000000b0e00000, 0x00000000b0f00000|  0%| F|  |TAMS 0x00000000b0e00000, 0x00000000b0e00000| Untracked 
| 271|0x00000000b0f00000, 0x00000000b0f00000, 0x00000000b1000000|  0%| F|  |TAMS 0x00000000b0f00000, 0x00000000b0f00000| Untracked 
| 272|0x00000000b1000000, 0x00000000b1000000, 0x00000000b1100000|  0%| F|  |TAMS 0x00000000b1000000, 0x00000000b1000000| Untracked 
| 273|0x00000000b1100000, 0x00000000b1100000, 0x00000000b1200000|  0%| F|  |TAMS 0x00000000b1100000, 0x00000000b1100000| Untracked 
| 274|0x00000000b1200000, 0x00000000b1200000, 0x00000000b1300000|  0%| F|  |TAMS 0x00000000b1200000, 0x00000000b1200000| Untracked 
| 275|0x00000000b1300000, 0x00000000b1300000, 0x00000000b1400000|  0%| F|  |TAMS 0x00000000b1300000, 0x00000000b1300000| Untracked 
| 276|0x00000000b1400000, 0x00000000b1400000, 0x00000000b1500000|  0%| F|  |TAMS 0x00000000b1400000, 0x00000000b1400000| Untracked 
| 277|0x00000000b1500000, 0x00000000b1500000, 0x00000000b1600000|  0%| F|  |TAMS 0x00000000b1500000, 0x00000000b1500000| Untracked 
| 278|0x00000000b1600000, 0x00000000b1600000, 0x00000000b1700000|  0%| F|  |TAMS 0x00000000b1600000, 0x00000000b1600000| Untracked 
| 279|0x00000000b1700000, 0x00000000b1700000, 0x00000000b1800000|  0%| F|  |TAMS 0x00000000b1700000, 0x00000000b1700000| Untracked 
| 280|0x00000000b1800000, 0x00000000b1800000, 0x00000000b1900000|  0%| F|  |TAMS 0x00000000b1800000, 0x00000000b1800000| Untracked 
| 281|0x00000000b1900000, 0x00000000b1900000, 0x00000000b1a00000|  0%| F|  |TAMS 0x00000000b1900000, 0x00000000b1900000| Untracked 
| 282|0x00000000b1a00000, 0x00000000b1a00000, 0x00000000b1b00000|  0%| F|  |TAMS 0x00000000b1a00000, 0x00000000b1a00000| Untracked 
| 283|0x00000000b1b00000, 0x00000000b1b00000, 0x00000000b1c00000|  0%| F|  |TAMS 0x00000000b1b00000, 0x00000000b1b00000| Untracked 
| 284|0x00000000b1c00000, 0x00000000b1c00000, 0x00000000b1d00000|  0%| F|  |TAMS 0x00000000b1c00000, 0x00000000b1c00000| Untracked 
| 285|0x00000000b1d00000, 0x00000000b1d00000, 0x00000000b1e00000|  0%| F|  |TAMS 0x00000000b1d00000, 0x00000000b1d00000| Untracked 
| 286|0x00000000b1e00000, 0x00000000b1e00000, 0x00000000b1f00000|  0%| F|  |TAMS 0x00000000b1e00000, 0x00000000b1e00000| Untracked 
| 287|0x00000000b1f00000, 0x00000000b1f00000, 0x00000000b2000000|  0%| F|  |TAMS 0x00000000b1f00000, 0x00000000b1f00000| Untracked 
| 288|0x00000000b2000000, 0x00000000b2000000, 0x00000000b2100000|  0%| F|  |TAMS 0x00000000b2000000, 0x00000000b2000000| Untracked 
| 289|0x00000000b2100000, 0x00000000b2100000, 0x00000000b2200000|  0%| F|  |TAMS 0x00000000b2100000, 0x00000000b2100000| Untracked 
| 290|0x00000000b2200000, 0x00000000b2200000, 0x00000000b2300000|  0%| F|  |TAMS 0x00000000b2200000, 0x00000000b2200000| Untracked 
| 291|0x00000000b2300000, 0x00000000b2300000, 0x00000000b2400000|  0%| F|  |TAMS 0x00000000b2300000, 0x00000000b2300000| Untracked 
| 292|0x00000000b2400000, 0x00000000b2400000, 0x00000000b2500000|  0%| F|  |TAMS 0x00000000b2400000, 0x00000000b2400000| Untracked 
| 293|0x00000000b2500000, 0x00000000b2500000, 0x00000000b2600000|  0%| F|  |TAMS 0x00000000b2500000, 0x00000000b2500000| Untracked 
| 294|0x00000000b2600000, 0x00000000b2600000, 0x00000000b2700000|  0%| F|  |TAMS 0x00000000b2600000, 0x00000000b2600000| Untracked 
| 295|0x00000000b2700000, 0x00000000b2700000, 0x00000000b2800000|  0%| F|  |TAMS 0x00000000b2700000, 0x00000000b2700000| Untracked 
| 296|0x00000000b2800000, 0x00000000b2800000, 0x00000000b2900000|  0%| F|  |TAMS 0x00000000b2800000, 0x00000000b2800000| Untracked 
| 297|0x00000000b2900000, 0x00000000b2900000, 0x00000000b2a00000|  0%| F|  |TAMS 0x00000000b2900000, 0x00000000b2900000| Untracked 
| 298|0x00000000b2a00000, 0x00000000b2a00000, 0x00000000b2b00000|  0%| F|  |TAMS 0x00000000b2a00000, 0x00000000b2a00000| Untracked 
| 299|0x00000000b2b00000, 0x00000000b2b00000, 0x00000000b2c00000|  0%| F|  |TAMS 0x00000000b2b00000, 0x00000000b2b00000| Untracked 
| 300|0x00000000b2c00000, 0x00000000b2c00000, 0x00000000b2d00000|  0%| F|  |TAMS 0x00000000b2c00000, 0x00000000b2c00000| Untracked 
| 301|0x00000000b2d00000, 0x00000000b2d00000, 0x00000000b2e00000|  0%| F|  |TAMS 0x00000000b2d00000, 0x00000000b2d00000| Untracked 
| 302|0x00000000b2e00000, 0x00000000b2e00000, 0x00000000b2f00000|  0%| F|  |TAMS 0x00000000b2e00000, 0x00000000b2e00000| Untracked 
| 303|0x00000000b2f00000, 0x00000000b2f00000, 0x00000000b3000000|  0%| F|  |TAMS 0x00000000b2f00000, 0x00000000b2f00000| Untracked 
| 304|0x00000000b3000000, 0x00000000b3000000, 0x00000000b3100000|  0%| F|  |TAMS 0x00000000b3000000, 0x00000000b3000000| Untracked 
| 305|0x00000000b3100000, 0x00000000b3100000, 0x00000000b3200000|  0%| F|  |TAMS 0x00000000b3100000, 0x00000000b3100000| Untracked 
| 306|0x00000000b3200000, 0x00000000b3200000, 0x00000000b3300000|  0%| F|  |TAMS 0x00000000b3200000, 0x00000000b3200000| Untracked 
| 307|0x00000000b3300000, 0x00000000b3300000, 0x00000000b3400000|  0%| F|  |TAMS 0x00000000b3300000, 0x00000000b3300000| Untracked 
| 308|0x00000000b3400000, 0x00000000b3400000, 0x00000000b3500000|  0%| F|  |TAMS 0x00000000b3400000, 0x00000000b3400000| Untracked 
| 309|0x00000000b3500000, 0x00000000b3500000, 0x00000000b3600000|  0%| F|  |TAMS 0x00000000b3500000, 0x00000000b3500000| Untracked 
| 310|0x00000000b3600000, 0x00000000b3600000, 0x00000000b3700000|  0%| F|  |TAMS 0x00000000b3600000, 0x00000000b3600000| Untracked 
| 311|0x00000000b3700000, 0x00000000b3700000, 0x00000000b3800000|  0%| F|  |TAMS 0x00000000b3700000, 0x00000000b3700000| Untracked 
| 312|0x00000000b3800000, 0x00000000b3800000, 0x00000000b3900000|  0%| F|  |TAMS 0x00000000b3800000, 0x00000000b3800000| Untracked 
| 313|0x00000000b3900000, 0x00000000b3900000, 0x00000000b3a00000|  0%| F|  |TAMS 0x00000000b3900000, 0x00000000b3900000| Untracked 
| 314|0x00000000b3a00000, 0x00000000b3a00000, 0x00000000b3b00000|  0%| F|  |TAMS 0x00000000b3a00000, 0x00000000b3a00000| Untracked 
| 315|0x00000000b3b00000, 0x00000000b3b00000, 0x00000000b3c00000|  0%| F|  |TAMS 0x00000000b3b00000, 0x00000000b3b00000| Untracked 
| 316|0x00000000b3c00000, 0x00000000b3c00000, 0x00000000b3d00000|  0%| F|  |TAMS 0x00000000b3c00000, 0x00000000b3c00000| Untracked 
| 317|0x00000000b3d00000, 0x00000000b3ddcd70, 0x00000000b3e00000| 86%| S|CS|TAMS 0x00000000b3d00000, 0x00000000b3d00000| Complete 
| 318|0x00000000b3e00000, 0x00000000b3e00000, 0x00000000b3f00000|  0%| F|  |TAMS 0x00000000b3e00000, 0x00000000b3e00000| Untracked 
| 319|0x00000000b3f00000, 0x00000000b3f00000, 0x00000000b4000000|  0%| F|  |TAMS 0x00000000b3f00000, 0x00000000b3f00000| Untracked 
| 320|0x00000000b4000000, 0x00000000b4000000, 0x00000000b4100000|  0%| F|  |TAMS 0x00000000b4000000, 0x00000000b4000000| Untracked 
| 321|0x00000000b4100000, 0x00000000b4100000, 0x00000000b4200000|  0%| F|  |TAMS 0x00000000b4100000, 0x00000000b4100000| Untracked 
| 322|0x00000000b4200000, 0x00000000b4200000, 0x00000000b4300000|  0%| F|  |TAMS 0x00000000b4200000, 0x00000000b4200000| Untracked 
| 323|0x00000000b4300000, 0x00000000b4300000, 0x00000000b4400000|  0%| F|  |TAMS 0x00000000b4300000, 0x00000000b4300000| Untracked 
| 324|0x00000000b4400000, 0x00000000b4400000, 0x00000000b4500000|  0%| F|  |TAMS 0x00000000b4400000, 0x00000000b4400000| Untracked 
| 325|0x00000000b4500000, 0x00000000b4500000, 0x00000000b4600000|  0%| F|  |TAMS 0x00000000b4500000, 0x00000000b4500000| Untracked 
| 326|0x00000000b4600000, 0x00000000b4600000, 0x00000000b4700000|  0%| F|  |TAMS 0x00000000b4600000, 0x00000000b4600000| Untracked 
| 327|0x00000000b4700000, 0x00000000b4700000, 0x00000000b4800000|  0%| F|  |TAMS 0x00000000b4700000, 0x00000000b4700000| Untracked 
| 328|0x00000000b4800000, 0x00000000b4800000, 0x00000000b4900000|  0%| F|  |TAMS 0x00000000b4800000, 0x00000000b4800000| Untracked 
| 329|0x00000000b4900000, 0x00000000b4900000, 0x00000000b4a00000|  0%| F|  |TAMS 0x00000000b4900000, 0x00000000b4900000| Untracked 

Card table byte_map: [0x0000022e1abd0000,0x0000022e1aed0000] _byte_map_base: 0x0000022e1a6d0000

Marking Bits (Prev, Next): (CMBitMap*) 0x0000022e07f84b80, (CMBitMap*) 0x0000022e07f84b48
 Prev Bits: [0x0000022e1c9d0000, 0x0000022e1e1d0000)
 Next Bits: [0x0000022e1b1d0000, 0x0000022e1c9d0000)

Polling page: 0x0000022e07730000

Metaspace:

Usage:
  Non-class:    138.22 MB capacity,   135.41 MB ( 98%) used,     2.28 MB (  2%) free+waste,   545.25 KB ( <1%) overhead. 
      Class:     19.92 MB capacity,    18.26 MB ( 92%) used,     1.43 MB (  7%) free+waste,   234.44 KB (  1%) overhead. 
       Both:    158.14 MB capacity,   153.67 MB ( 97%) used,     3.71 MB (  2%) free+waste,   779.69 KB ( <1%) overhead. 

Virtual space:
  Non-class space:      142.00 MB reserved,     140.42 MB ( 99%) committed 
      Class space:        1.00 GB reserved,      20.75 MB (  2%) committed 
             Both:        1.14 GB reserved,     161.17 MB ( 14%) committed 

Chunk freelists:
   Non-Class:  2.01 MB
       Class:  757.00 KB
        Both:  2.75 MB

MaxMetaspaceSize: 17179869184.00 GB
CompressedClassSpaceSize: 1.00 GB

CodeHeap 'non-profiled nmethods': size=120064Kb used=31684Kb max_used=32036Kb free=88380Kb
 bounds [0x0000022e13390000, 0x0000022e15300000, 0x0000022e1a8d0000]
CodeHeap 'profiled nmethods': size=120000Kb used=59438Kb max_used=61240Kb free=60561Kb
 bounds [0x0000022e0be60000, 0x0000022e0fae0000, 0x0000022e13390000]
CodeHeap 'non-nmethods': size=5696Kb used=2492Kb max_used=2576Kb free=3203Kb
 bounds [0x0000022e0b8d0000, 0x0000022e0bb60000, 0x0000022e0be60000]
 total_blobs=29846 nmethods=28675 adapters=1080
 compilation: enabled
              stopped_count=0, restarted_count=0
 full_count=0

Compilation events (20 events):
Event: 8195.700 Thread 0x0000022e206d7000 nmethod 39514 0x0000022e13bf9d90 code [0x0000022e13bfa340, 0x0000022e13c015e8]
Event: 8195.700 Thread 0x0000022e206d7000 39507       4       com.android.tools.r8.s.b.k0::a (756 bytes)
Event: 8196.708 Thread 0x0000022e206d7000 nmethod 39507 0x0000022e14808d10 code [0x0000022e14809420, 0x0000022e1480fdc0]
Event: 8196.709 Thread 0x0000022e206d7000 39496       4       com.android.tools.r8.ir.conversion.o::c (103 bytes)
Event: 8196.721 Thread 0x0000022e206d7000 nmethod 39496 0x0000022e137db190 code [0x0000022e137db380, 0x0000022e137db858]
Event: 8196.721 Thread 0x0000022e206d7000 39497       4       com.android.tools.r8.graph.c::definitionForWithoutExistenceAssert (79 bytes)
Event: 8196.741 Thread 0x0000022e206d7000 nmethod 39497 0x0000022e1398ab10 code [0x0000022e1398ad20, 0x0000022e1398b4a0]
Event: 8196.741 Thread 0x0000022e206d7000 39529       4       com.android.tools.r8.graph.I0$b::a (66 bytes)
Event: 8196.759 Thread 0x0000022e206d7000 nmethod 39529 0x0000022e13a33510 code [0x0000022e13a336e0, 0x0000022e13a33d48]
Event: 8196.759 Thread 0x0000022e206d7000 39513       4       com.android.tools.r8.z.a.a.f::a (1070 bytes)
Event: 8196.933 Thread 0x0000022e206d7000 nmethod 39513 0x0000022e13a59490 code [0x0000022e13a59880, 0x0000022e13a5c6a0]
Event: 8196.934 Thread 0x0000022e206d7000 39510       4       com.android.tools.r8.graph.K::a (277 bytes)
Event: 8197.508 Thread 0x0000022e206d7000 nmethod 39510 0x0000022e14922f90 code [0x0000022e149232e0, 0x0000022e149265d0]
Event: 8197.509 Thread 0x0000022e206d7000 39568 %     4       com.android.tools.r8.ir.regalloc.a::b @ 850 (1365 bytes)
Event: 8198.073 Thread 0x0000022e206e5800 39576       2       com.android.tools.r8.ir.conversion.N::p (123 bytes)
Event: 8198.075 Thread 0x0000022e206e5800 nmethod 39576 0x0000022e0bed7e10 code [0x0000022e0bed8020, 0x0000022e0bed8318]
Event: 8198.127 Thread 0x0000022e206d7000 nmethod 39568% 0x0000022e14ca1b10 code [0x0000022e14ca2020, 0x0000022e14ca7a78]
Event: 8198.127 Thread 0x0000022e206d7000 39574       4       com.android.tools.r8.ir.optimize.l::o (704 bytes)
Event: 8198.206 Thread 0x0000022e206e5800 39579       2       com.android.tools.r8.ir.conversion.x::b (9 bytes)
Event: 8198.207 Thread 0x0000022e206e5800 nmethod 39579 0x0000022e0be8cb90 code [0x0000022e0be8cd40, 0x0000022e0be8ce68]

GC Heap History (20 events):
Event: 8189.367 GC heap after
{Heap after GC invocations=291 (full 1):
 garbage-first heap   total 337920K, used 154042K [0x00000000a0000000, 0x0000000100000000)
  region size 1024K, 13 young (13312K), 13 survivors (13312K)
 Metaspace       used 157350K, capacity 162036K, committed 165036K, reserved 1193984K
  class space    used 18717K, capacity 20438K, committed 21248K, reserved 1048576K
}
Event: 8189.829 GC heap before
{Heap before GC invocations=291 (full 1):
 garbage-first heap   total 337920K, used 264634K [0x00000000a0000000, 0x0000000100000000)
  region size 1024K, 122 young (124928K), 13 survivors (13312K)
 Metaspace       used 157396K, capacity 162063K, committed 165036K, reserved 1193984K
  class space    used 18719K, capacity 20442K, committed 21248K, reserved 1048576K
}
Event: 8189.867 GC heap after
{Heap after GC invocations=292 (full 1):
 garbage-first heap   total 337920K, used 157593K [0x00000000a0000000, 0x0000000100000000)
  region size 1024K, 6 young (6144K), 6 survivors (6144K)
 Metaspace       used 157396K, capacity 162063K, committed 165036K, reserved 1193984K
  class space    used 18719K, capacity 20442K, committed 21248K, reserved 1048576K
}
Event: 8190.180 GC heap before
{Heap before GC invocations=292 (full 1):
 garbage-first heap   total 337920K, used 268185K [0x00000000a0000000, 0x0000000100000000)
  region size 1024K, 115 young (117760K), 6 survivors (6144K)
 Metaspace       used 157409K, capacity 162066K, committed 165036K, reserved 1193984K
  class space    used 18721K, capacity 20443K, committed 21248K, reserved 1048576K
}
Event: 8190.220 GC heap after
{Heap after GC invocations=293 (full 1):
 garbage-first heap   total 337920K, used 164926K [0x00000000a0000000, 0x0000000100000000)
  region size 1024K, 13 young (13312K), 13 survivors (13312K)
 Metaspace       used 157409K, capacity 162066K, committed 165036K, reserved 1193984K
  class space    used 18721K, capacity 20443K, committed 21248K, reserved 1048576K
}
Event: 8191.697 GC heap before
{Heap before GC invocations=294 (full 1):
 garbage-first heap   total 337920K, used 262206K [0x00000000a0000000, 0x0000000100000000)
  region size 1024K, 117 young (119808K), 13 survivors (13312K)
 Metaspace       used 157355K, capacity 161942K, committed 165036K, reserved 1193984K
  class space    used 18699K, capacity 20400K, committed 21248K, reserved 1048576K
}
Event: 8191.720 GC heap after
{Heap after GC invocations=295 (full 1):
 garbage-first heap   total 337920K, used 153990K [0x00000000a0000000, 0x0000000100000000)
  region size 1024K, 4 young (4096K), 4 survivors (4096K)
 Metaspace       used 157355K, capacity 161942K, committed 165036K, reserved 1193984K
  class space    used 18699K, capacity 20400K, committed 21248K, reserved 1048576K
}
Event: 8191.751 GC heap before
{Heap before GC invocations=295 (full 1):
 garbage-first heap   total 337920K, used 166278K [0x00000000a0000000, 0x0000000100000000)
  region size 1024K, 16 young (16384K), 4 survivors (4096K)
 Metaspace       used 157355K, capacity 161942K, committed 165036K, reserved 1193984K
  class space    used 18699K, capacity 20400K, committed 21248K, reserved 1048576K
}
Event: 8191.763 GC heap after
{Heap after GC invocations=296 (full 1):
 garbage-first heap   total 337920K, used 143402K [0x00000000a0000000, 0x0000000100000000)
  region size 1024K, 2 young (2048K), 2 survivors (2048K)
 Metaspace       used 157355K, capacity 161942K, committed 165036K, reserved 1193984K
  class space    used 18699K, capacity 20400K, committed 21248K, reserved 1048576K
}
Event: 8192.635 GC heap before
{Heap before GC invocations=296 (full 1):
 garbage-first heap   total 337920K, used 269354K [0x00000000a0000000, 0x0000000100000000)
  region size 1024K, 124 young (126976K), 2 survivors (2048K)
 Metaspace       used 157356K, capacity 161942K, committed 165036K, reserved 1193984K
  class space    used 18699K, capacity 20400K, committed 21248K, reserved 1048576K
}
Event: 8192.649 GC heap after
{Heap after GC invocations=297 (full 1):
 garbage-first heap   total 337920K, used 156732K [0x00000000a0000000, 0x0000000100000000)
  region size 1024K, 14 young (14336K), 14 survivors (14336K)
 Metaspace       used 157356K, capacity 161942K, committed 165036K, reserved 1193984K
  class space    used 18699K, capacity 20400K, committed 21248K, reserved 1048576K
}
Event: 8193.278 GC heap before
{Heap before GC invocations=297 (full 1):
 garbage-first heap   total 337920K, used 271420K [0x00000000a0000000, 0x0000000100000000)
  region size 1024K, 126 young (129024K), 14 survivors (14336K)
 Metaspace       used 157356K, capacity 161942K, committed 165036K, reserved 1193984K
  class space    used 18699K, capacity 20400K, committed 21248K, reserved 1048576K
}
Event: 8193.380 GC heap after
{Heap after GC invocations=298 (full 1):
 garbage-first heap   total 337920K, used 165747K [0x00000000a0000000, 0x0000000100000000)
  region size 1024K, 14 young (14336K), 14 survivors (14336K)
 Metaspace       used 157356K, capacity 161942K, committed 165036K, reserved 1193984K
  class space    used 18699K, capacity 20400K, committed 21248K, reserved 1048576K
}
Event: 8194.272 GC heap before
{Heap before GC invocations=298 (full 1):
 garbage-first heap   total 337920K, used 270195K [0x00000000a0000000, 0x0000000100000000)
  region size 1024K, 117 young (119808K), 14 survivors (14336K)
 Metaspace       used 157356K, capacity 161942K, committed 165036K, reserved 1193984K
  class space    used 18699K, capacity 20400K, committed 21248K, reserved 1048576K
}
Event: 8194.401 GC heap after
{Heap after GC invocations=299 (full 1):
 garbage-first heap   total 337920K, used 175778K [0x00000000a0000000, 0x0000000100000000)
  region size 1024K, 12 young (12288K), 12 survivors (12288K)
 Metaspace       used 157356K, capacity 161942K, committed 165036K, reserved 1193984K
  class space    used 18699K, capacity 20400K, committed 21248K, reserved 1048576K
}
Event: 8196.321 GC heap before
{Heap before GC invocations=299 (full 1):
 garbage-first heap   total 337920K, used 272034K [0x00000000a0000000, 0x0000000100000000)
  region size 1024K, 107 young (109568K), 12 survivors (12288K)
 Metaspace       used 157355K, capacity 161937K, committed 165036K, reserved 1193984K
  class space    used 18699K, capacity 20400K, committed 21248K, reserved 1048576K
}
Event: 8196.677 GC heap after
{Heap after GC invocations=300 (full 1):
 garbage-first heap   total 337920K, used 176802K [0x00000000a0000000, 0x0000000100000000)
  region size 1024K, 3 young (3072K), 3 survivors (3072K)
 Metaspace       used 157355K, capacity 161937K, committed 165036K, reserved 1193984K
  class space    used 18699K, capacity 20400K, committed 21248K, reserved 1048576K
}
Event: 8198.403 GC heap before
{Heap before GC invocations=301 (full 1):
 garbage-first heap   total 337920K, used 276130K [0x00000000a0000000, 0x0000000100000000)
  region size 1024K, 101 young (103424K), 3 survivors (3072K)
 Metaspace       used 157355K, capacity 161937K, committed 165036K, reserved 1193984K
  class space    used 18699K, capacity 20400K, committed 21248K, reserved 1048576K
}
Event: 8198.435 GC heap after
{Heap after GC invocations=302 (full 1):
 garbage-first heap   total 337920K, used 177691K [0x00000000a0000000, 0x0000000100000000)
  region size 1024K, 4 young (4096K), 4 survivors (4096K)
 Metaspace       used 157355K, capacity 161937K, committed 165036K, reserved 1193984K
  class space    used 18699K, capacity 20400K, committed 21248K, reserved 1048576K
}
Event: 8198.459 GC heap before
{Heap before GC invocations=302 (full 1):
 garbage-first heap   total 337920K, used 188955K [0x00000000a0000000, 0x0000000100000000)
  region size 1024K, 16 young (16384K), 4 survivors (4096K)
 Metaspace       used 157355K, capacity 161937K, committed 165036K, reserved 1193984K
  class space    used 18699K, capacity 20400K, committed 21248K, reserved 1048576K
}

Deoptimization events (20 events):
Event: 8193.087 Thread 0x0000022e38655000 DEOPT PACKING pc=0x0000022e0eb6aa09 sp=0x0000005108bfb060
Event: 8193.087 Thread 0x0000022e38655000 DEOPT UNPACKING pc=0x0000022e0b8f72ce sp=0x0000005108bfa610 mode 0
Event: 8193.091 Thread 0x0000022e38652000 DEOPT PACKING pc=0x0000022e0f7f0f4f sp=0x0000005108cfb6d0
Event: 8193.091 Thread 0x0000022e38652000 DEOPT UNPACKING pc=0x0000022e0b8f72ce sp=0x0000005108cfaf48 mode 0
Event: 8193.178 Thread 0x0000022e38652000 DEOPT PACKING pc=0x0000022e0f7f0f4f sp=0x0000005108cfb6d0
Event: 8193.178 Thread 0x0000022e38652000 DEOPT UNPACKING pc=0x0000022e0b8f72ce sp=0x0000005108cfaf48 mode 0
Event: 8193.522 Thread 0x0000022e38655000 Uncommon trap: trap_request=0xffffffde fr.pc=0x0000022e14d874fc relative=0x00000000000052dc
Event: 8193.523 Thread 0x0000022e38655000 Uncommon trap: reason=class_check action=maybe_recompile pc=0x0000022e14d874fc method=com.android.tools.r8.ir.optimize.l.a(Lcom/android/tools/r8/s/b/M0;Lcom/android/tools/r8/s/b/o;I)[Lcom/android/tools/r8/s/b/y; @ 221 c2
Event: 8193.523 Thread 0x0000022e38655000 DEOPT PACKING pc=0x0000022e14d874fc sp=0x0000005108bfb4e0
Event: 8193.556 Thread 0x0000022e38655000 DEOPT UNPACKING pc=0x0000022e0b8f74af sp=0x0000005108bfb470 mode 2
Event: 8193.602 Thread 0x0000022e38655000 Uncommon trap: trap_request=0xffffff4d fr.pc=0x0000022e1442080c relative=0x0000000000005d4c
Event: 8193.602 Thread 0x0000022e38655000 Uncommon trap: reason=unstable_if action=reinterpret pc=0x0000022e1442080c method=com.android.tools.r8.ir.optimize.l.r(Lcom/android/tools/r8/s/b/X;)Z @ 722 c2
Event: 8193.602 Thread 0x0000022e38655000 DEOPT PACKING pc=0x0000022e1442080c sp=0x0000005108bfb510
Event: 8193.602 Thread 0x0000022e38655000 DEOPT UNPACKING pc=0x0000022e0b8f74af sp=0x0000005108bfb508 mode 2
Event: 8194.439 Thread 0x0000022e38654800 Uncommon trap: trap_request=0xffffff4d fr.pc=0x0000022e1500bb70 relative=0x00000000000008d0
Event: 8194.439 Thread 0x0000022e38654800 Uncommon trap: reason=unstable_if action=reinterpret pc=0x0000022e1500bb70 method=com.android.tools.r8.ir.conversion.O.c(Lcom/android/tools/r8/s/b/X;)V @ 112 c2
Event: 8194.439 Thread 0x0000022e38654800 DEOPT PACKING pc=0x0000022e1500bb70 sp=0x0000005108afb360
Event: 8194.439 Thread 0x0000022e38654800 DEOPT UNPACKING pc=0x0000022e0b8f74af sp=0x0000005108afb360 mode 2
Event: 8198.212 Thread 0x0000022e38654800 DEOPT PACKING pc=0x0000022e0f8d1960 sp=0x0000005108afb1d0
Event: 8198.212 Thread 0x0000022e38654800 DEOPT UNPACKING pc=0x0000022e0b8f72ce sp=0x0000005108afa858 mode 0

Classes redefined (0 events):
No events

Internal exceptions (20 events):
Event: 8188.810 Thread 0x0000022e38655000 Exception <a 'sun/nio/fs/WindowsException'{0x00000000b41b2598}> (0x00000000b41b2598) thrown at [./src/hotspot/share/prims/jni.cpp, line 615]
Event: 8188.918 Thread 0x0000022e38655000 Exception <a 'sun/nio/fs/WindowsException'{0x00000000b28803f8}> (0x00000000b28803f8) thrown at [./src/hotspot/share/prims/jni.cpp, line 615]
Event: 8189.551 Thread 0x0000022e38652000 Exception <a 'sun/nio/fs/WindowsException'{0x00000000b180fff8}> (0x00000000b180fff8) thrown at [./src/hotspot/share/prims/jni.cpp, line 615]
Event: 8189.664 Thread 0x0000022e38652000 Exception <a 'sun/nio/fs/WindowsException'{0x00000000b0de34e8}> (0x00000000b0de34e8) thrown at [./src/hotspot/share/prims/jni.cpp, line 615]
Event: 8189.668 Thread 0x0000022e38654800 Exception <a 'sun/nio/fs/WindowsException'{0x00000000b039faf8}> (0x00000000b039faf8) thrown at [./src/hotspot/share/prims/jni.cpp, line 615]
Event: 8189.716 Thread 0x0000022e38653800 Exception <a 'sun/nio/fs/WindowsException'{0x00000000afc9d3c8}> (0x00000000afc9d3c8) thrown at [./src/hotspot/share/prims/jni.cpp, line 615]
Event: 8189.754 Thread 0x0000022e38652000 Exception <a 'sun/nio/fs/WindowsException'{0x00000000ae93cb40}> (0x00000000ae93cb40) thrown at [./src/hotspot/share/prims/jni.cpp, line 615]
Event: 8189.765 Thread 0x0000022e38653800 Exception <a 'sun/nio/fs/WindowsException'{0x00000000ae623958}> (0x00000000ae623958) thrown at [./src/hotspot/share/prims/jni.cpp, line 615]
Event: 8189.796 Thread 0x0000022e38654800 Exception <a 'sun/nio/fs/WindowsException'{0x00000000ae253e88}> (0x00000000ae253e88) thrown at [./src/hotspot/share/prims/jni.cpp, line 615]
Event: 8189.898 Thread 0x0000022e38653800 Exception <a 'sun/nio/fs/WindowsException'{0x00000000b39a43a0}> (0x00000000b39a43a0) thrown at [./src/hotspot/share/prims/jni.cpp, line 615]
Event: 8189.910 Thread 0x0000022e38654800 Exception <a 'sun/nio/fs/WindowsException'{0x00000000b32f1f90}> (0x00000000b32f1f90) thrown at [./src/hotspot/share/prims/jni.cpp, line 615]
Event: 8189.916 Thread 0x0000022e38652000 Exception <a 'sun/nio/fs/WindowsException'{0x00000000b37fc800}> (0x00000000b37fc800) thrown at [./src/hotspot/share/prims/jni.cpp, line 615]
Event: 8189.945 Thread 0x0000022e38653800 Exception <a 'sun/nio/fs/WindowsException'{0x00000000b25945b0}> (0x00000000b25945b0) thrown at [./src/hotspot/share/prims/jni.cpp, line 615]
Event: 8190.041 Thread 0x0000022e38652000 Exception <a 'sun/nio/fs/WindowsException'{0x00000000b0891350}> (0x00000000b0891350) thrown at [./src/hotspot/share/prims/jni.cpp, line 615]
Event: 8190.143 Thread 0x0000022e38653800 Exception <a 'sun/nio/fs/WindowsException'{0x00000000ae902228}> (0x00000000ae902228) thrown at [./src/hotspot/share/prims/jni.cpp, line 615]
Event: 8190.259 Thread 0x0000022e38652000 Exception <a 'sun/nio/fs/WindowsException'{0x00000000b3f6bee8}> (0x00000000b3f6bee8) thrown at [./src/hotspot/share/prims/jni.cpp, line 615]
Event: 8190.826 Thread 0x0000022e38652000 Exception <a 'sun/nio/fs/WindowsException'{0x00000000b10671e8}> (0x00000000b10671e8) thrown at [./src/hotspot/share/prims/jni.cpp, line 615]
Event: 8191.082 Thread 0x0000022e38653800 Exception <a 'sun/nio/fs/WindowsException'{0x00000000b0923d50}> (0x00000000b0923d50) thrown at [./src/hotspot/share/prims/jni.cpp, line 615]
Event: 8192.573 Thread 0x0000022e38652000 Exception <a 'sun/nio/fs/WindowsException'{0x00000000ad2845d8}> (0x00000000ad2845d8) thrown at [./src/hotspot/share/prims/jni.cpp, line 615]
Event: 8193.034 Thread 0x0000022e38653800 Exception <a 'sun/nio/fs/WindowsException'{0x00000000b1e20108}> (0x00000000b1e20108) thrown at [./src/hotspot/share/prims/jni.cpp, line 615]

Events (20 events):
Event: 8194.447 loading class com/android/tools/r8/s/b/k0
Event: 8194.447 loading class com/android/tools/r8/s/b/k0 done
Event: 8195.860 Executing VM operation: CGC_Operation
Event: 8195.962 Executing VM operation: CGC_Operation done
Event: 8196.022 Executing VM operation: ICBufferFull
Event: 8196.037 Executing VM operation: ICBufferFull done
Event: 8196.080 Executing VM operation: ICBufferFull
Event: 8196.088 Executing VM operation: ICBufferFull done
Event: 8196.122 Executing VM operation: ICBufferFull
Event: 8196.124 Executing VM operation: ICBufferFull done
Event: 8196.188 Executing VM operation: ICBufferFull
Event: 8196.226 Executing VM operation: ICBufferFull done
Event: 8196.289 Executing VM operation: G1CollectForAllocation
Event: 8196.682 Executing VM operation: G1CollectForAllocation done
Event: 8196.690 Loaded shared library C:\Program Files\Android\Android Studio1\jre\bin\java.dll
Event: 8197.150 Executing VM operation: CGC_Operation
Event: 8197.435 Executing VM operation: CGC_Operation done
Event: 8198.384 Executing VM operation: G1CollectForAllocation
Event: 8198.435 Executing VM operation: G1CollectForAllocation done
Event: 8198.459 Executing VM operation: G1CollectForAllocation


Dynamic libraries:
0x00007ff761440000 - 0x00007ff76144a000 	C:\Program Files\Android\Android Studio1\jre\bin\java.exe
0x00007ff880810000 - 0x00007ff880a05000 	C:\WINDOWS\SYSTEM32\ntdll.dll
0x00007ff87f9d0000 - 0x00007ff87fa8d000 	C:\WINDOWS\System32\KERNEL32.DLL
0x00007ff87e4a0000 - 0x00007ff87e768000 	C:\WINDOWS\System32\KERNELBASE.dll
0x00007ff87e3a0000 - 0x00007ff87e4a0000 	C:\WINDOWS\System32\ucrtbase.dll
0x00007ff84f410000 - 0x00007ff84f429000 	C:\Program Files\Android\Android Studio1\jre\bin\jli.dll
0x00007ff84f430000 - 0x00007ff84f447000 	C:\Program Files\Android\Android Studio1\jre\bin\VCRUNTIME140.dll
0x00007ff87fde0000 - 0x00007ff87ff80000 	C:\WINDOWS\System32\USER32.dll
0x00007ff87e370000 - 0x00007ff87e392000 	C:\WINDOWS\System32\win32u.dll
0x00007ff87f8f0000 - 0x00007ff87f91a000 	C:\WINDOWS\System32\GDI32.dll
0x00007ff86fd60000 - 0x00007ff86fffa000 	C:\WINDOWS\WinSxS\amd64_microsoft.windows.common-controls_6595b64144ccf1df_6.0.19041.844_none_ca00b6081b84eb1d\COMCTL32.dll
0x00007ff87e260000 - 0x00007ff87e36b000 	C:\WINDOWS\System32\gdi32full.dll
0x00007ff880730000 - 0x00007ff8807ce000 	C:\WINDOWS\System32\msvcrt.dll
0x00007ff87e7d0000 - 0x00007ff87e86d000 	C:\WINDOWS\System32\msvcp_win.dll
0x00007ff87ff80000 - 0x00007ff87ffb0000 	C:\WINDOWS\System32\IMM32.DLL
0x00007ff837910000 - 0x00007ff8379ad000 	C:\Program Files\Android\Android Studio1\jre\bin\msvcp140.dll
0x00007ff83b230000 - 0x00007ff83bcec000 	C:\Program Files\Android\Android Studio1\jre\bin\server\jvm.dll
0x00007ff87fbe0000 - 0x00007ff87fc8c000 	C:\WINDOWS\System32\ADVAPI32.dll
0x00007ff87f730000 - 0x00007ff87f7cb000 	C:\WINDOWS\System32\sechost.dll
0x00007ff87fca0000 - 0x00007ff87fdcb000 	C:\WINDOWS\System32\RPCRT4.dll
0x00007ff87fc90000 - 0x00007ff87fc98000 	C:\WINDOWS\System32\PSAPI.DLL
0x00007ff879900000 - 0x00007ff879909000 	C:\WINDOWS\SYSTEM32\WSOCK32.dll
0x00007ff874200000 - 0x00007ff874227000 	C:\WINDOWS\SYSTEM32\WINMM.dll
0x00007ff877440000 - 0x00007ff87744a000 	C:\WINDOWS\SYSTEM32\VERSION.dll
0x00007ff87faf0000 - 0x00007ff87fb5b000 	C:\WINDOWS\System32\WS2_32.dll
0x00007ff87be90000 - 0x00007ff87bea2000 	C:\WINDOWS\SYSTEM32\kernel.appcore.dll
0x00007ff8798e0000 - 0x00007ff8798f1000 	C:\Program Files\Android\Android Studio1\jre\bin\verify.dll
0x00007ff86c860000 - 0x00007ff86ca44000 	C:\WINDOWS\SYSTEM32\DBGHELP.DLL
0x00007ff86c7b0000 - 0x00007ff86c7dc000 	C:\WINDOWS\SYSTEM32\dbgcore.DLL
0x00007ff87e1e0000 - 0x00007ff87e260000 	C:\WINDOWS\System32\bcryptPrimitives.dll
0x00007ff879820000 - 0x00007ff879849000 	C:\Program Files\Android\Android Studio1\jre\bin\java.dll
0x00007ff8798d0000 - 0x00007ff8798db000 	C:\Program Files\Android\Android Studio1\jre\bin\jimage.dll
0x00007ff8796f0000 - 0x00007ff879708000 	C:\Program Files\Android\Android Studio1\jre\bin\zip.dll
0x00007ff87ee10000 - 0x00007ff87f552000 	C:\WINDOWS\System32\SHELL32.dll
0x00007ff87c090000 - 0x00007ff87c821000 	C:\WINDOWS\SYSTEM32\windows.storage.dll
0x00007ff8800f0000 - 0x00007ff880445000 	C:\WINDOWS\System32\combase.dll
0x00007ff87d9c0000 - 0x00007ff87d9ec000 	C:\WINDOWS\SYSTEM32\Wldp.dll
0x00007ff87f560000 - 0x00007ff87f60e000 	C:\WINDOWS\System32\SHCORE.dll
0x00007ff87fa90000 - 0x00007ff87fae5000 	C:\WINDOWS\System32\shlwapi.dll
0x00007ff87de90000 - 0x00007ff87deaf000 	C:\WINDOWS\SYSTEM32\profapi.dll
0x00007ff8796d0000 - 0x00007ff8796ea000 	C:\Program Files\Android\Android Studio1\jre\bin\net.dll
0x00007ff870800000 - 0x00007ff87090b000 	C:\WINDOWS\SYSTEM32\WINHTTP.dll
0x00007ff87d730000 - 0x00007ff87d79a000 	C:\WINDOWS\system32\mswsock.dll
0x00007ff8790d0000 - 0x00007ff8790e4000 	C:\Program Files\Android\Android Studio1\jre\bin\nio.dll
0x00007ff855bc0000 - 0x00007ff855be7000 	C:\Users\user\.gradle\native\f6784746aeab05261644944871eae4fe03e0ef1612fff0a4a95f87b438bc6780\windows-amd64\native-platform.dll
0x00007ff879810000 - 0x00007ff87981a000 	C:\Program Files\Android\Android Studio1\jre\bin\management.dll
0x00007ff879040000 - 0x00007ff87904c000 	C:\Program Files\Android\Android Studio1\jre\bin\management_ext.dll
0x00007ff87d910000 - 0x00007ff87d928000 	C:\WINDOWS\SYSTEM32\CRYPTSP.dll
0x00007ff87d060000 - 0x00007ff87d094000 	C:\WINDOWS\system32\rsaenh.dll
0x00007ff87e000000 - 0x00007ff87e027000 	C:\WINDOWS\System32\bcrypt.dll
0x00007ff87de50000 - 0x00007ff87de7e000 	C:\WINDOWS\SYSTEM32\USERENV.dll
0x00007ff87d900000 - 0x00007ff87d90c000 	C:\WINDOWS\SYSTEM32\CRYPTBASE.dll
0x00007ff87d3d0000 - 0x00007ff87d40b000 	C:\WINDOWS\SYSTEM32\IPHLPAPI.DLL
0x00007ff87fdd0000 - 0x00007ff87fdd8000 	C:\WINDOWS\System32\NSI.dll
0x00007ff8756f0000 - 0x00007ff875707000 	C:\WINDOWS\SYSTEM32\dhcpcsvc6.DLL
0x00007ff876360000 - 0x00007ff87637d000 	C:\WINDOWS\SYSTEM32\dhcpcsvc.DLL
0x00007ff87d410000 - 0x00007ff87d4dc000 	C:\WINDOWS\SYSTEM32\DNSAPI.dll
0x00007ff876ff0000 - 0x00007ff876ffb000 	C:\WINDOWS\SYSTEM32\WINNSI.DLL
0x00007ff879010000 - 0x00007ff879037000 	C:\Program Files\Android\Android Studio1\jre\bin\sunec.dll
0x00007ff86fce0000 - 0x00007ff86fcea000 	C:\Windows\System32\rasadhlp.dll
0x00007ff870910000 - 0x00007ff87098f000 	C:\WINDOWS\System32\fwpuclnt.dll
0x00007ff87cc90000 - 0x00007ff87ccc3000 	C:\WINDOWS\SYSTEM32\ntmarta.dll
0x00007ff85b120000 - 0x00007ff85b2c2000 	C:\Program Files\Android\Android Studio1\jre\bin\awt.dll
0x00007ff880660000 - 0x00007ff88072d000 	C:\WINDOWS\System32\OLEAUT32.dll
0x00007ff87bba0000 - 0x00007ff87bbcf000 	C:\WINDOWS\SYSTEM32\dwmapi.dll
0x00007ff87b800000 - 0x00007ff87b890000 	C:\WINDOWS\SYSTEM32\apphelp.dll
0x00007ff87b930000 - 0x00007ff87b9ce000 	C:\WINDOWS\system32\uxtheme.dll
0x00007ff87ace0000 - 0x00007ff87acfe000 	C:\Users\user\AppData\Local\Temp\native-platform3271645620755538276dir\native-platform.dll
0x00007ff87acd0000 - 0x00007ff87acd8000 	C:\Program Files\Android\Android Studio1\jre\bin\rmi.dll

dbghelp: loaded successfully - version: 4.0.5 - missing functions: none
symbol engine: initialized successfully - sym options: 0x614 - pdb path: .;C:\Program Files\Android\Android Studio1\jre\bin;C:\WINDOWS\SYSTEM32;C:\WINDOWS\WinSxS\amd64_microsoft.windows.common-controls_6595b64144ccf1df_6.0.19041.844_none_ca00b6081b84eb1d;C:\Program Files\Android\Android Studio1\jre\bin\server;C:\Users\user\.gradle\native\f6784746aeab05261644944871eae4fe03e0ef1612fff0a4a95f87b438bc6780\windows-amd64;C:\Users\user\AppData\Local\Temp\native-platform3271645620755538276dir

VM Arguments:
jvm_args: -XX:MaxPermSize=256m -XX:+HeapDumpOnOutOfMemoryError --add-opens=java.base/java.util=ALL-UNNAMED --add-opens=java.base/java.lang=ALL-UNNAMED --add-opens=java.base/java.lang.invoke=ALL-UNNAMED --add-opens=java.prefs/java.util.prefs=ALL-UNNAMED -Xmx1536M -Dfile.encoding=UTF-8 -Duser.country=US -Duser.language=en -Duser.variant 
java_command: org.gradle.launcher.daemon.bootstrap.GradleDaemon 6.5
java_class_path (initial): C:\Users\user\.gradle\wrapper\dists\gradle-6.5-bin\6nifqtx7604sqp1q6g8wikw7p\gradle-6.5\lib\gradle-launcher-6.5.jar
Launcher Type: SUN_STANDARD

[Global flags]
     intx CICompilerCount                          = 3                                         {product} {ergonomic}
     uint ConcGCThreads                            = 1                                         {product} {ergonomic}
     uint G1ConcRefinementThreads                  = 4                                         {product} {ergonomic}
   size_t G1HeapRegionSize                         = 1048576                                   {product} {ergonomic}
    uintx GCDrainStackTargetSize                   = 64                                        {product} {ergonomic}
     bool HeapDumpOnOutOfMemoryError               = true                                   {manageable} {command line}
   size_t InitialHeapSize                          = 134217728                                 {product} {ergonomic}
   size_t MarkStackSize                            = 4194304                                   {product} {ergonomic}
   size_t MaxHeapSize                              = 1610612736                                {product} {command line}
   size_t MaxNewSize                               = 965738496                                 {product} {ergonomic}
   size_t MinHeapDeltaBytes                        = 1048576                                   {product} {ergonomic}
    uintx NonNMethodCodeHeapSize                   = 5830732                                {pd product} {ergonomic}
    uintx NonProfiledCodeHeapSize                  = 122913754                              {pd product} {ergonomic}
    uintx ProfiledCodeHeapSize                     = 122913754                              {pd product} {ergonomic}
    uintx ReservedCodeCacheSize                    = 251658240                              {pd product} {ergonomic}
     bool SegmentedCodeCache                       = true                                      {product} {ergonomic}
     bool UseCompressedClassPointers               = true                                 {lp64_product} {ergonomic}
     bool UseCompressedOops                        = true                                 {lp64_product} {ergonomic}
     bool UseG1GC                                  = true                                      {product} {ergonomic}
     bool UseLargePagesIndividualAllocation        = false                                  {pd product} {ergonomic}

Logging:
Log output configuration:
 #0: stdout all=warning uptime,level,tags
 #1: stderr all=off uptime,level,tags

Environment Variables:
JAVA_HOME=C:\Program Files\Java\jdk1.8.0_291
PATH=C:\Program Files (x86)\Common Files\Oracle\Java\javapath;C:\Program Files\OpenJDK\jdk-8.0.262.10-hotspot\bin;C:\Program Files\OpenJDK\jre-8.0.262.10-hotspot\bin;C:\Program Files (x86)\Intel\iCLS Client\;C:\Program Files\Intel\iCLS Client\;C:\Program Files\Zulu\zulu-8\bin\;C:\Program Files (x86)\Common Files\Intel\Shared Libraries\redist\intel64\compiler;C:\windows\system32;C:\windows;C:\windows\System32\Wbem;C:\windows\System32\WindowsPowerShell\v1.0\;C:\windows\System32\OpenSSH\;C:\Program Files (x86)\NVIDIA Corporation\PhysX\Common;C:\WINDOWS\system32;C:\WINDOWS;C:\WINDOWS\System32\Wbem;C:\WINDOWS\System32\WindowsPowerShell\v1.0\;C:\WINDOWS\System32\OpenSSH\;C:\Program Files\Gradle\gradle-6.6\bin;C:\Program Files (x86)\Intel\Intel(R) Management Engine Components\DAL;C:\Program Files\Intel\Intel(R) Management Engine Components\DAL;C:\Program Files (x86)\Intel\Intel(R) Management Engine Components\IPT;C:\Program Files\Intel\Intel(R) Management Engine Components\IPT;C:\Users\user\AppData\Local\Microsoft\WindowsApps;C:\adb;C:\Program Files\Java\jdk1.8.0_291\bin;C:\Program Files\Gradle\gradle-7.0.1\bin;C:\Users\user\AppData\Local\Microsoft\WindowsApps;
USERNAME=Masluq
OS=Windows_NT
PROCESSOR_IDENTIFIER=Intel64 Family 6 Model 69 Stepping 1, GenuineIntel



---------------  S Y S T E M  ---------------

OS: Windows 10 , 64 bit Build 19041 (10.0.19041.928)
OS uptime: 0 days 2:20 hours

CPU:total 4 (initial active 4) (2 cores per cpu, 2 threads per core) family 6 model 69 stepping 1, cmov, cx8, fxsr, mmx, sse, sse2, sse3, ssse3, sse4.1, sse4.2, popcnt, avx, avx2, aes, clmul, erms, lzcnt, ht, tsc, tscinvbit, bmi1, bmi2, fma

Memory: 4k page, system-wide physical 8097M (292M free)
TotalPageFile size 23228M (AvailPageFile size 56M)
current process WorkingSet (physical memory assigned to process): 594M, peak: 1055M
current process commit charge ("private bytes"): 866M, peak: 1177M

vm_info: OpenJDK 64-Bit Server VM (11.0.8+10-b944.6842174) for windows-amd64 JRE (11.0.8+10-b944.6842174), built on Sep 19 2020 01:11:42 by "builder" with MS VC++ 14.0 (VS2015)

END.
